

<!DOCTYPE html>
<html>
<head>
<meta charset="utf-8">
<meta name="viewport" content="width=device-width, initial-scale=1, shrink-to-fit=no">
<title>D:\Selenium Live Projects\TeamResolutionCheckDailyPagination\reports\ExtentReport.html</title>
<link rel="apple-touch-icon" href="https://cdn.jsdelivr.net/gh/extent-framework/extent-github-cdn@b00a2d0486596e73dd7326beacf352c639623a0e/commons/img/logo.png">
<link rel="shortcut icon" href="https://cdn.jsdelivr.net/gh/extent-framework/extent-github-cdn@b00a2d0486596e73dd7326beacf352c639623a0e/commons/img/logo.png">
<link href="https://cdn.jsdelivr.net/gh/extent-framework/extent-github-cdn@d6562a79075e061305ccfdb82f01e5e195e2d307/spark/css/spark-style.css" rel="stylesheet" />
<link href="https://stackpath.bootstrapcdn.com/font-awesome/4.7.0/css/font-awesome.min.css" rel="stylesheet">
<script src="https://cdn.jsdelivr.net/gh/extent-framework/extent-github-cdn@7cc78ce/spark/js/jsontree.js"></script>
<style type="text/css"></style></head><body class="spa -report dark">
  <div class="app">
    <div class="layout">
<div class="header navbar">
<div class="vheader">
<div class="nav-logo">
<a href="#">
<div class="logo" style="background-image: url('https://cdn.jsdelivr.net/gh/extent-framework/extent-github-cdn@b00a2d0486596e73dd7326beacf352c639623a0e/commons/img/logo.png')"></div>
</a>
</div>
<ul class="nav-left">
<li class="search-box">
<a class="search-toggle" href="#">
<i class="search-icon fa fa-search"></i>
<i class="search-icon-close fa fa-close"></i>
</a>
</li>
<li class="search-input"><input id="search-tests" class="form-control" type="text" placeholder="Search..."></li>
</ul>
<ul class="nav-right">
<li class="m-r-10">
<a href="#"><span class="badge badge-primary">D:\Selenium Live Projects\TeamResolutionCheckDailyPagination\reports\ExtentReport.html</span></a>
</li>
<li class="m-r-10">
<a href="#"><span class="badge badge-primary">Jul 7, 2022 11:51:27 AM</span></a>
</li>
</ul>
</div>
</div><div class="side-nav">
<div class="side-nav-inner">
<ul class="side-nav-menu">
<li class="nav-item dropdown" onclick="toggleView('test-view')">
<a id="nav-test" class="dropdown-toggle" href="#">
<span class="ico"><i class="fa fa-list"></i></span>
</a>
</li>
<li class="nav-item dropdown" onclick="toggleView('dashboard-view')">
<a id="nav-dashboard" class="dropdown-toggle" href="#">
<span class="ico"><i class="fa fa-bar-chart"></i></span>
</a>
</li>
</ul>
</div>
</div>      <div class="vcontainer">
        <div class="main-content">
<div class="test-wrapper row view test-view">
  <div class="test-list">
    <div class="test-list-tools">
<ul class="tools pull-left">
<li><a href="#"><span class="font-size-14">Tests</span></a></li>
</ul>
<ul class="tools text-right">
<li class="dropdown">
<a href="#" class="dropdown-toggle" data-toggle="dropdown"><i class="fa fa-exclamation-circle"></i></a>
<ul id="status-toggle" class="dropdown-menu dropdown-md p-v-0">
<a class="dropdown-item" status="pass" href="#"><span>Pass</span><span class="status success"></span></a>
<a class="dropdown-item" status="fail" href="#"><span>Fail</span><span class="status danger"></span></a>
<div class="dropdown-divider"></div>
<a status="clear" class="dropdown-item" href="#"><span>Clear</span><span class="pull-right"><i class="fa fa-close"></i></span></a>
</ul>
</li>
</ul>
</div>    <div class="test-list-wrapper scrollable">
      <ul class="test-list-item">
        <li class="test-item"  status="fail" test-id="1"
          author=""
          tag=""
          device="">
          <div class="test-detail">
            <p class="name">testCases.A4Pages     @TestCase : checkResolutionForA4Pages</p>
            <p class="text-sm">
              <span>11:51:28 AM</span> / <span>00:00:04:745</span>
              <span class="badge fail-bg log float-right">Fail</span>
            </p>
          </div>
          <div class="test-contents d-none">
<div class="detail-head">
<div class="p-v-10">
<div class="info">
<h5 class="test-status text-fail">testCases.A4Pages @TestCase : checkResolutionForA4Pages</h5>
<span class='badge badge-success'>07.07.2022 11:51:28 AM</span>
<span class='badge badge-danger'>07.07.2022 11:51:32 AM</span>
<span class='badge badge-default'>00:00:04:745</span>
&middot; <span class='uri-anchor badge badge-default'>#test-id=1</span>
<span class='badge badge-default pointer float-right ml-1 et'><i class="fa fa-chevron-down"></i></span>
<span class='badge badge-default pointer float-right ct'><i class="fa fa-chevron-up"></i></span>
</div>
</div>
</div><div class="detail-body mt-4">
<table class="table table-sm">
  <thead><tr><th class="status-col">Status</th><th class="timestamp-col">Timestamp</th><th class="details-col">Details</th></tr></thead>
  <tbody>
      <tr class="event-row">
        <td><span class="badge log fail-bg">Fail</span></td>
        <td>11:51:32 AM</td>
        <td>
          <details><summary><b><font color=red>Exception Occured:Click to see</font></b ></summary>[com.google.common.collect.CollectPreconditions.checkEntryNotNull(CollectPreconditions.java:33)<br> com.google.common.collect.SingletonImmutableBiMap.<init>(SingletonImmutableBiMap.java:43)<br> com.google.common.collect.ImmutableBiMap.of(ImmutableBiMap.java:81)<br> com.google.common.collect.ImmutableMap.of(ImmutableMap.java:126)<br> org.openqa.selenium.remote.RemoteWebDriver.get(RemoteWebDriver.java:277)<br> testCases.A4Pages.checkResolutionForA4Pages(A4Pages.java:30)<br> java.base/jdk.internal.reflect.NativeMethodAccessorImpl.invoke0(Native Method)<br> java.base/jdk.internal.reflect.NativeMethodAccessorImpl.invoke(NativeMethodAccessorImpl.java:77)<br> java.base/jdk.internal.reflect.DelegatingMethodAccessorImpl.invoke(DelegatingMethodAccessorImpl.java:43)<br> java.base/java.lang.reflect.Method.invoke(Method.java:568)<br> org.testng.internal.invokers.MethodInvocationHelper.invokeMethod(MethodInvocationHelper.java:135)<br> org.testng.internal.invokers.TestInvoker.invokeMethod(TestInvoker.java:673)<br> org.testng.internal.invokers.TestInvoker.invokeTestMethod(TestInvoker.java:220)<br> org.testng.internal.invokers.MethodRunner.runInSequence(MethodRunner.java:50)<br> org.testng.internal.invokers.TestInvoker$MethodInvocationAgent.invoke(TestInvoker.java:945)<br> org.testng.internal.invokers.TestInvoker.invokeTestMethods(TestInvoker.java:193)<br> org.testng.internal.invokers.TestMethodWorker.invokeTestMethods(TestMethodWorker.java:146)<br> org.testng.internal.invokers.TestMethodWorker.run(TestMethodWorker.java:128)<br> java.base/java.util.ArrayList.forEach(ArrayList.java:1511)<br> org.testng.TestRunner.privateRun(TestRunner.java:808)<br> org.testng.TestRunner.run(TestRunner.java:603)<br> org.testng.SuiteRunner.runTest(SuiteRunner.java:429)<br> org.testng.SuiteRunner.runSequentially(SuiteRunner.java:423)<br> org.testng.SuiteRunner.privateRun(SuiteRunner.java:383)<br> org.testng.SuiteRunner.run(SuiteRunner.java:326)<br> org.testng.SuiteRunnerWorker.runSuite(SuiteRunnerWorker.java:52)<br> org.testng.SuiteRunnerWorker.run(SuiteRunnerWorker.java:95)<br> org.testng.TestNG.runSuitesSequentially(TestNG.java:1249)<br> org.testng.TestNG.runSuitesLocally(TestNG.java:1169)<br> org.testng.TestNG.runSuites(TestNG.java:1092)<br> org.testng.TestNG.run(TestNG.java:1060)<br> org.apache.maven.surefire.testng.TestNGExecutor.run(TestNGExecutor.java:295)<br> org.apache.maven.surefire.testng.TestNGXmlTestSuite.execute(TestNGXmlTestSuite.java:84)<br> org.apache.maven.surefire.testng.TestNGProvider.invoke(TestNGProvider.java:90)<br> org.apache.maven.surefire.booter.ForkedBooter.invokeProviderInSameClassLoader(ForkedBooter.java:203)<br> org.apache.maven.surefire.booter.ForkedBooter.runSuitesInProcess(ForkedBooter.java:155)<br> org.apache.maven.surefire.booter.ForkedBooter.main(ForkedBooter.java:103)]</details> 

        </td>
      </tr>
      <tr class="event-row">
        <td><span class="badge log fail-bg">Fail</span></td>
        <td>11:51:32 AM</td>
        <td>
          <b><font color=red>Screenshot of failure</font></b>
    <div class="row mb-3"><div class="col-md-3">
<img data-featherlight='FailedScreenShot.png' src="FailedScreenShot.png">
    
    </div></div>
        </td>
      </tr>
      <tr class="event-row">
        <td><span class="badge log fail-bg">Fail</span></td>
        <td>11:51:32 AM</td>
        <td>
          <span class='badge white-text red'>TEST CASE FAILED</span>
        </td>
      </tr>
  </tbody>
</table>
</div>
          </div>
        </li>
        <li class="test-item"  status="fail" test-id="2"
          author=""
          tag=""
          device="">
          <div class="test-detail">
            <p class="name">testCases.A4Pages     @TestCase : checkResolutionForA4Pages</p>
            <p class="text-sm">
              <span>11:51:33 AM</span> / <span>00:00:03:978</span>
              <span class="badge fail-bg log float-right">Fail</span>
            </p>
          </div>
          <div class="test-contents d-none">
<div class="detail-head">
<div class="p-v-10">
<div class="info">
<h5 class="test-status text-fail">testCases.A4Pages @TestCase : checkResolutionForA4Pages</h5>
<span class='badge badge-success'>07.07.2022 11:51:33 AM</span>
<span class='badge badge-danger'>07.07.2022 11:51:37 AM</span>
<span class='badge badge-default'>00:00:03:978</span>
&middot; <span class='uri-anchor badge badge-default'>#test-id=2</span>
<span class='badge badge-default pointer float-right ml-1 et'><i class="fa fa-chevron-down"></i></span>
<span class='badge badge-default pointer float-right ct'><i class="fa fa-chevron-up"></i></span>
</div>
</div>
</div><div class="detail-body mt-4">
<table class="table table-sm">
  <thead><tr><th class="status-col">Status</th><th class="timestamp-col">Timestamp</th><th class="details-col">Details</th></tr></thead>
  <tbody>
      <tr class="event-row">
        <td><span class="badge log fail-bg">Fail</span></td>
        <td>11:51:37 AM</td>
        <td>
          <details><summary><b><font color=red>Exception Occured:Click to see</font></b ></summary>[com.google.common.collect.CollectPreconditions.checkEntryNotNull(CollectPreconditions.java:33)<br> com.google.common.collect.SingletonImmutableBiMap.<init>(SingletonImmutableBiMap.java:43)<br> com.google.common.collect.ImmutableBiMap.of(ImmutableBiMap.java:81)<br> com.google.common.collect.ImmutableMap.of(ImmutableMap.java:126)<br> org.openqa.selenium.remote.RemoteWebDriver.get(RemoteWebDriver.java:277)<br> testCases.A4Pages.checkResolutionForA4Pages(A4Pages.java:30)<br> java.base/jdk.internal.reflect.NativeMethodAccessorImpl.invoke0(Native Method)<br> java.base/jdk.internal.reflect.NativeMethodAccessorImpl.invoke(NativeMethodAccessorImpl.java:77)<br> java.base/jdk.internal.reflect.DelegatingMethodAccessorImpl.invoke(DelegatingMethodAccessorImpl.java:43)<br> java.base/java.lang.reflect.Method.invoke(Method.java:568)<br> org.testng.internal.invokers.MethodInvocationHelper.invokeMethod(MethodInvocationHelper.java:135)<br> org.testng.internal.invokers.TestInvoker.invokeMethod(TestInvoker.java:673)<br> org.testng.internal.invokers.TestInvoker.invokeTestMethod(TestInvoker.java:220)<br> org.testng.internal.invokers.MethodRunner.runInSequence(MethodRunner.java:50)<br> org.testng.internal.invokers.TestInvoker$MethodInvocationAgent.invoke(TestInvoker.java:945)<br> org.testng.internal.invokers.TestInvoker.invokeTestMethods(TestInvoker.java:193)<br> org.testng.internal.invokers.TestMethodWorker.invokeTestMethods(TestMethodWorker.java:146)<br> org.testng.internal.invokers.TestMethodWorker.run(TestMethodWorker.java:128)<br> java.base/java.util.ArrayList.forEach(ArrayList.java:1511)<br> org.testng.TestRunner.privateRun(TestRunner.java:808)<br> org.testng.TestRunner.run(TestRunner.java:603)<br> org.testng.SuiteRunner.runTest(SuiteRunner.java:429)<br> org.testng.SuiteRunner.runSequentially(SuiteRunner.java:423)<br> org.testng.SuiteRunner.privateRun(SuiteRunner.java:383)<br> org.testng.SuiteRunner.run(SuiteRunner.java:326)<br> org.testng.SuiteRunnerWorker.runSuite(SuiteRunnerWorker.java:52)<br> org.testng.SuiteRunnerWorker.run(SuiteRunnerWorker.java:95)<br> org.testng.TestNG.runSuitesSequentially(TestNG.java:1249)<br> org.testng.TestNG.runSuitesLocally(TestNG.java:1169)<br> org.testng.TestNG.runSuites(TestNG.java:1092)<br> org.testng.TestNG.run(TestNG.java:1060)<br> org.apache.maven.surefire.testng.TestNGExecutor.run(TestNGExecutor.java:295)<br> org.apache.maven.surefire.testng.TestNGXmlTestSuite.execute(TestNGXmlTestSuite.java:84)<br> org.apache.maven.surefire.testng.TestNGProvider.invoke(TestNGProvider.java:90)<br> org.apache.maven.surefire.booter.ForkedBooter.invokeProviderInSameClassLoader(ForkedBooter.java:203)<br> org.apache.maven.surefire.booter.ForkedBooter.runSuitesInProcess(ForkedBooter.java:155)<br> org.apache.maven.surefire.booter.ForkedBooter.main(ForkedBooter.java:103)]</details> 

        </td>
      </tr>
      <tr class="event-row">
        <td><span class="badge log fail-bg">Fail</span></td>
        <td>11:51:37 AM</td>
        <td>
          <b><font color=red>Screenshot of failure</font></b>
    <div class="row mb-3"><div class="col-md-3">
<img data-featherlight='FailedScreenShot.png' src="FailedScreenShot.png">
    
    </div></div>
        </td>
      </tr>
      <tr class="event-row">
        <td><span class="badge log fail-bg">Fail</span></td>
        <td>11:51:37 AM</td>
        <td>
          <span class='badge white-text red'>TEST CASE FAILED</span>
        </td>
      </tr>
  </tbody>
</table>
</div>
          </div>
        </li>
        <li class="test-item"  status="fail" test-id="3"
          author=""
          tag=""
          device="">
          <div class="test-detail">
            <p class="name">testCases.A4Pages     @TestCase : checkResolutionForA4Pages</p>
            <p class="text-sm">
              <span>11:51:38 AM</span> / <span>00:00:04:219</span>
              <span class="badge fail-bg log float-right">Fail</span>
            </p>
          </div>
          <div class="test-contents d-none">
<div class="detail-head">
<div class="p-v-10">
<div class="info">
<h5 class="test-status text-fail">testCases.A4Pages @TestCase : checkResolutionForA4Pages</h5>
<span class='badge badge-success'>07.07.2022 11:51:38 AM</span>
<span class='badge badge-danger'>07.07.2022 11:51:42 AM</span>
<span class='badge badge-default'>00:00:04:219</span>
&middot; <span class='uri-anchor badge badge-default'>#test-id=3</span>
<span class='badge badge-default pointer float-right ml-1 et'><i class="fa fa-chevron-down"></i></span>
<span class='badge badge-default pointer float-right ct'><i class="fa fa-chevron-up"></i></span>
</div>
</div>
</div><div class="detail-body mt-4">
<table class="table table-sm">
  <thead><tr><th class="status-col">Status</th><th class="timestamp-col">Timestamp</th><th class="details-col">Details</th></tr></thead>
  <tbody>
      <tr class="event-row">
        <td><span class="badge log fail-bg">Fail</span></td>
        <td>11:51:42 AM</td>
        <td>
          <details><summary><b><font color=red>Exception Occured:Click to see</font></b ></summary>[com.google.common.collect.CollectPreconditions.checkEntryNotNull(CollectPreconditions.java:33)<br> com.google.common.collect.SingletonImmutableBiMap.<init>(SingletonImmutableBiMap.java:43)<br> com.google.common.collect.ImmutableBiMap.of(ImmutableBiMap.java:81)<br> com.google.common.collect.ImmutableMap.of(ImmutableMap.java:126)<br> org.openqa.selenium.remote.RemoteWebDriver.get(RemoteWebDriver.java:277)<br> testCases.A4Pages.checkResolutionForA4Pages(A4Pages.java:30)<br> java.base/jdk.internal.reflect.NativeMethodAccessorImpl.invoke0(Native Method)<br> java.base/jdk.internal.reflect.NativeMethodAccessorImpl.invoke(NativeMethodAccessorImpl.java:77)<br> java.base/jdk.internal.reflect.DelegatingMethodAccessorImpl.invoke(DelegatingMethodAccessorImpl.java:43)<br> java.base/java.lang.reflect.Method.invoke(Method.java:568)<br> org.testng.internal.invokers.MethodInvocationHelper.invokeMethod(MethodInvocationHelper.java:135)<br> org.testng.internal.invokers.TestInvoker.invokeMethod(TestInvoker.java:673)<br> org.testng.internal.invokers.TestInvoker.invokeTestMethod(TestInvoker.java:220)<br> org.testng.internal.invokers.MethodRunner.runInSequence(MethodRunner.java:50)<br> org.testng.internal.invokers.TestInvoker$MethodInvocationAgent.invoke(TestInvoker.java:945)<br> org.testng.internal.invokers.TestInvoker.invokeTestMethods(TestInvoker.java:193)<br> org.testng.internal.invokers.TestMethodWorker.invokeTestMethods(TestMethodWorker.java:146)<br> org.testng.internal.invokers.TestMethodWorker.run(TestMethodWorker.java:128)<br> java.base/java.util.ArrayList.forEach(ArrayList.java:1511)<br> org.testng.TestRunner.privateRun(TestRunner.java:808)<br> org.testng.TestRunner.run(TestRunner.java:603)<br> org.testng.SuiteRunner.runTest(SuiteRunner.java:429)<br> org.testng.SuiteRunner.runSequentially(SuiteRunner.java:423)<br> org.testng.SuiteRunner.privateRun(SuiteRunner.java:383)<br> org.testng.SuiteRunner.run(SuiteRunner.java:326)<br> org.testng.SuiteRunnerWorker.runSuite(SuiteRunnerWorker.java:52)<br> org.testng.SuiteRunnerWorker.run(SuiteRunnerWorker.java:95)<br> org.testng.TestNG.runSuitesSequentially(TestNG.java:1249)<br> org.testng.TestNG.runSuitesLocally(TestNG.java:1169)<br> org.testng.TestNG.runSuites(TestNG.java:1092)<br> org.testng.TestNG.run(TestNG.java:1060)<br> org.apache.maven.surefire.testng.TestNGExecutor.run(TestNGExecutor.java:295)<br> org.apache.maven.surefire.testng.TestNGXmlTestSuite.execute(TestNGXmlTestSuite.java:84)<br> org.apache.maven.surefire.testng.TestNGProvider.invoke(TestNGProvider.java:90)<br> org.apache.maven.surefire.booter.ForkedBooter.invokeProviderInSameClassLoader(ForkedBooter.java:203)<br> org.apache.maven.surefire.booter.ForkedBooter.runSuitesInProcess(ForkedBooter.java:155)<br> org.apache.maven.surefire.booter.ForkedBooter.main(ForkedBooter.java:103)]</details> 

        </td>
      </tr>
      <tr class="event-row">
        <td><span class="badge log fail-bg">Fail</span></td>
        <td>11:51:42 AM</td>
        <td>
          <b><font color=red>Screenshot of failure</font></b>
    <div class="row mb-3"><div class="col-md-3">
<img data-featherlight='FailedScreenShot.png' src="FailedScreenShot.png">
    
    </div></div>
        </td>
      </tr>
      <tr class="event-row">
        <td><span class="badge log fail-bg">Fail</span></td>
        <td>11:51:42 AM</td>
        <td>
          <span class='badge white-text red'>TEST CASE FAILED</span>
        </td>
      </tr>
  </tbody>
</table>
</div>
          </div>
        </li>
        <li class="test-item"  status="fail" test-id="4"
          author=""
          tag=""
          device="">
          <div class="test-detail">
            <p class="name">testCases.A4Pages     @TestCase : checkResolutionForA4Pages</p>
            <p class="text-sm">
              <span>11:51:42 AM</span> / <span>00:00:04:148</span>
              <span class="badge fail-bg log float-right">Fail</span>
            </p>
          </div>
          <div class="test-contents d-none">
<div class="detail-head">
<div class="p-v-10">
<div class="info">
<h5 class="test-status text-fail">testCases.A4Pages @TestCase : checkResolutionForA4Pages</h5>
<span class='badge badge-success'>07.07.2022 11:51:42 AM</span>
<span class='badge badge-danger'>07.07.2022 11:51:47 AM</span>
<span class='badge badge-default'>00:00:04:148</span>
&middot; <span class='uri-anchor badge badge-default'>#test-id=4</span>
<span class='badge badge-default pointer float-right ml-1 et'><i class="fa fa-chevron-down"></i></span>
<span class='badge badge-default pointer float-right ct'><i class="fa fa-chevron-up"></i></span>
</div>
</div>
</div><div class="detail-body mt-4">
<table class="table table-sm">
  <thead><tr><th class="status-col">Status</th><th class="timestamp-col">Timestamp</th><th class="details-col">Details</th></tr></thead>
  <tbody>
      <tr class="event-row">
        <td><span class="badge log fail-bg">Fail</span></td>
        <td>11:51:46 AM</td>
        <td>
          <details><summary><b><font color=red>Exception Occured:Click to see</font></b ></summary>[com.google.common.collect.CollectPreconditions.checkEntryNotNull(CollectPreconditions.java:33)<br> com.google.common.collect.SingletonImmutableBiMap.<init>(SingletonImmutableBiMap.java:43)<br> com.google.common.collect.ImmutableBiMap.of(ImmutableBiMap.java:81)<br> com.google.common.collect.ImmutableMap.of(ImmutableMap.java:126)<br> org.openqa.selenium.remote.RemoteWebDriver.get(RemoteWebDriver.java:277)<br> testCases.A4Pages.checkResolutionForA4Pages(A4Pages.java:30)<br> java.base/jdk.internal.reflect.NativeMethodAccessorImpl.invoke0(Native Method)<br> java.base/jdk.internal.reflect.NativeMethodAccessorImpl.invoke(NativeMethodAccessorImpl.java:77)<br> java.base/jdk.internal.reflect.DelegatingMethodAccessorImpl.invoke(DelegatingMethodAccessorImpl.java:43)<br> java.base/java.lang.reflect.Method.invoke(Method.java:568)<br> org.testng.internal.invokers.MethodInvocationHelper.invokeMethod(MethodInvocationHelper.java:135)<br> org.testng.internal.invokers.TestInvoker.invokeMethod(TestInvoker.java:673)<br> org.testng.internal.invokers.TestInvoker.invokeTestMethod(TestInvoker.java:220)<br> org.testng.internal.invokers.MethodRunner.runInSequence(MethodRunner.java:50)<br> org.testng.internal.invokers.TestInvoker$MethodInvocationAgent.invoke(TestInvoker.java:945)<br> org.testng.internal.invokers.TestInvoker.invokeTestMethods(TestInvoker.java:193)<br> org.testng.internal.invokers.TestMethodWorker.invokeTestMethods(TestMethodWorker.java:146)<br> org.testng.internal.invokers.TestMethodWorker.run(TestMethodWorker.java:128)<br> java.base/java.util.ArrayList.forEach(ArrayList.java:1511)<br> org.testng.TestRunner.privateRun(TestRunner.java:808)<br> org.testng.TestRunner.run(TestRunner.java:603)<br> org.testng.SuiteRunner.runTest(SuiteRunner.java:429)<br> org.testng.SuiteRunner.runSequentially(SuiteRunner.java:423)<br> org.testng.SuiteRunner.privateRun(SuiteRunner.java:383)<br> org.testng.SuiteRunner.run(SuiteRunner.java:326)<br> org.testng.SuiteRunnerWorker.runSuite(SuiteRunnerWorker.java:52)<br> org.testng.SuiteRunnerWorker.run(SuiteRunnerWorker.java:95)<br> org.testng.TestNG.runSuitesSequentially(TestNG.java:1249)<br> org.testng.TestNG.runSuitesLocally(TestNG.java:1169)<br> org.testng.TestNG.runSuites(TestNG.java:1092)<br> org.testng.TestNG.run(TestNG.java:1060)<br> org.apache.maven.surefire.testng.TestNGExecutor.run(TestNGExecutor.java:295)<br> org.apache.maven.surefire.testng.TestNGXmlTestSuite.execute(TestNGXmlTestSuite.java:84)<br> org.apache.maven.surefire.testng.TestNGProvider.invoke(TestNGProvider.java:90)<br> org.apache.maven.surefire.booter.ForkedBooter.invokeProviderInSameClassLoader(ForkedBooter.java:203)<br> org.apache.maven.surefire.booter.ForkedBooter.runSuitesInProcess(ForkedBooter.java:155)<br> org.apache.maven.surefire.booter.ForkedBooter.main(ForkedBooter.java:103)]</details> 

        </td>
      </tr>
      <tr class="event-row">
        <td><span class="badge log fail-bg">Fail</span></td>
        <td>11:51:47 AM</td>
        <td>
          <b><font color=red>Screenshot of failure</font></b>
    <div class="row mb-3"><div class="col-md-3">
<img data-featherlight='FailedScreenShot.png' src="FailedScreenShot.png">
    
    </div></div>
        </td>
      </tr>
      <tr class="event-row">
        <td><span class="badge log fail-bg">Fail</span></td>
        <td>11:51:47 AM</td>
        <td>
          <span class='badge white-text red'>TEST CASE FAILED</span>
        </td>
      </tr>
  </tbody>
</table>
</div>
          </div>
        </li>
        <li class="test-item"  status="fail" test-id="5"
          author=""
          tag=""
          device="">
          <div class="test-detail">
            <p class="name">testCases.A4Pages     @TestCase : checkResolutionForA4Pages</p>
            <p class="text-sm">
              <span>11:51:47 AM</span> / <span>00:00:04:208</span>
              <span class="badge fail-bg log float-right">Fail</span>
            </p>
          </div>
          <div class="test-contents d-none">
<div class="detail-head">
<div class="p-v-10">
<div class="info">
<h5 class="test-status text-fail">testCases.A4Pages @TestCase : checkResolutionForA4Pages</h5>
<span class='badge badge-success'>07.07.2022 11:51:47 AM</span>
<span class='badge badge-danger'>07.07.2022 11:51:51 AM</span>
<span class='badge badge-default'>00:00:04:208</span>
&middot; <span class='uri-anchor badge badge-default'>#test-id=5</span>
<span class='badge badge-default pointer float-right ml-1 et'><i class="fa fa-chevron-down"></i></span>
<span class='badge badge-default pointer float-right ct'><i class="fa fa-chevron-up"></i></span>
</div>
</div>
</div><div class="detail-body mt-4">
<table class="table table-sm">
  <thead><tr><th class="status-col">Status</th><th class="timestamp-col">Timestamp</th><th class="details-col">Details</th></tr></thead>
  <tbody>
      <tr class="event-row">
        <td><span class="badge log fail-bg">Fail</span></td>
        <td>11:51:51 AM</td>
        <td>
          <details><summary><b><font color=red>Exception Occured:Click to see</font></b ></summary>[com.google.common.collect.CollectPreconditions.checkEntryNotNull(CollectPreconditions.java:33)<br> com.google.common.collect.SingletonImmutableBiMap.<init>(SingletonImmutableBiMap.java:43)<br> com.google.common.collect.ImmutableBiMap.of(ImmutableBiMap.java:81)<br> com.google.common.collect.ImmutableMap.of(ImmutableMap.java:126)<br> org.openqa.selenium.remote.RemoteWebDriver.get(RemoteWebDriver.java:277)<br> testCases.A4Pages.checkResolutionForA4Pages(A4Pages.java:30)<br> java.base/jdk.internal.reflect.NativeMethodAccessorImpl.invoke0(Native Method)<br> java.base/jdk.internal.reflect.NativeMethodAccessorImpl.invoke(NativeMethodAccessorImpl.java:77)<br> java.base/jdk.internal.reflect.DelegatingMethodAccessorImpl.invoke(DelegatingMethodAccessorImpl.java:43)<br> java.base/java.lang.reflect.Method.invoke(Method.java:568)<br> org.testng.internal.invokers.MethodInvocationHelper.invokeMethod(MethodInvocationHelper.java:135)<br> org.testng.internal.invokers.TestInvoker.invokeMethod(TestInvoker.java:673)<br> org.testng.internal.invokers.TestInvoker.invokeTestMethod(TestInvoker.java:220)<br> org.testng.internal.invokers.MethodRunner.runInSequence(MethodRunner.java:50)<br> org.testng.internal.invokers.TestInvoker$MethodInvocationAgent.invoke(TestInvoker.java:945)<br> org.testng.internal.invokers.TestInvoker.invokeTestMethods(TestInvoker.java:193)<br> org.testng.internal.invokers.TestMethodWorker.invokeTestMethods(TestMethodWorker.java:146)<br> org.testng.internal.invokers.TestMethodWorker.run(TestMethodWorker.java:128)<br> java.base/java.util.ArrayList.forEach(ArrayList.java:1511)<br> org.testng.TestRunner.privateRun(TestRunner.java:808)<br> org.testng.TestRunner.run(TestRunner.java:603)<br> org.testng.SuiteRunner.runTest(SuiteRunner.java:429)<br> org.testng.SuiteRunner.runSequentially(SuiteRunner.java:423)<br> org.testng.SuiteRunner.privateRun(SuiteRunner.java:383)<br> org.testng.SuiteRunner.run(SuiteRunner.java:326)<br> org.testng.SuiteRunnerWorker.runSuite(SuiteRunnerWorker.java:52)<br> org.testng.SuiteRunnerWorker.run(SuiteRunnerWorker.java:95)<br> org.testng.TestNG.runSuitesSequentially(TestNG.java:1249)<br> org.testng.TestNG.runSuitesLocally(TestNG.java:1169)<br> org.testng.TestNG.runSuites(TestNG.java:1092)<br> org.testng.TestNG.run(TestNG.java:1060)<br> org.apache.maven.surefire.testng.TestNGExecutor.run(TestNGExecutor.java:295)<br> org.apache.maven.surefire.testng.TestNGXmlTestSuite.execute(TestNGXmlTestSuite.java:84)<br> org.apache.maven.surefire.testng.TestNGProvider.invoke(TestNGProvider.java:90)<br> org.apache.maven.surefire.booter.ForkedBooter.invokeProviderInSameClassLoader(ForkedBooter.java:203)<br> org.apache.maven.surefire.booter.ForkedBooter.runSuitesInProcess(ForkedBooter.java:155)<br> org.apache.maven.surefire.booter.ForkedBooter.main(ForkedBooter.java:103)]</details> 

        </td>
      </tr>
      <tr class="event-row">
        <td><span class="badge log fail-bg">Fail</span></td>
        <td>11:51:51 AM</td>
        <td>
          <b><font color=red>Screenshot of failure</font></b>
    <div class="row mb-3"><div class="col-md-3">
<img data-featherlight='FailedScreenShot.png' src="FailedScreenShot.png">
    
    </div></div>
        </td>
      </tr>
      <tr class="event-row">
        <td><span class="badge log fail-bg">Fail</span></td>
        <td>11:51:51 AM</td>
        <td>
          <span class='badge white-text red'>TEST CASE FAILED</span>
        </td>
      </tr>
  </tbody>
</table>
</div>
          </div>
        </li>
        <li class="test-item"  status="fail" test-id="6"
          author=""
          tag=""
          device="">
          <div class="test-detail">
            <p class="name">testCases.A4Pages     @TestCase : checkResolutionForA4Pages</p>
            <p class="text-sm">
              <span>11:51:52 AM</span> / <span>00:00:03:823</span>
              <span class="badge fail-bg log float-right">Fail</span>
            </p>
          </div>
          <div class="test-contents d-none">
<div class="detail-head">
<div class="p-v-10">
<div class="info">
<h5 class="test-status text-fail">testCases.A4Pages @TestCase : checkResolutionForA4Pages</h5>
<span class='badge badge-success'>07.07.2022 11:51:52 AM</span>
<span class='badge badge-danger'>07.07.2022 11:51:56 AM</span>
<span class='badge badge-default'>00:00:03:823</span>
&middot; <span class='uri-anchor badge badge-default'>#test-id=6</span>
<span class='badge badge-default pointer float-right ml-1 et'><i class="fa fa-chevron-down"></i></span>
<span class='badge badge-default pointer float-right ct'><i class="fa fa-chevron-up"></i></span>
</div>
</div>
</div><div class="detail-body mt-4">
<table class="table table-sm">
  <thead><tr><th class="status-col">Status</th><th class="timestamp-col">Timestamp</th><th class="details-col">Details</th></tr></thead>
  <tbody>
      <tr class="event-row">
        <td><span class="badge log fail-bg">Fail</span></td>
        <td>11:51:56 AM</td>
        <td>
          <details><summary><b><font color=red>Exception Occured:Click to see</font></b ></summary>[com.google.common.collect.CollectPreconditions.checkEntryNotNull(CollectPreconditions.java:33)<br> com.google.common.collect.SingletonImmutableBiMap.<init>(SingletonImmutableBiMap.java:43)<br> com.google.common.collect.ImmutableBiMap.of(ImmutableBiMap.java:81)<br> com.google.common.collect.ImmutableMap.of(ImmutableMap.java:126)<br> org.openqa.selenium.remote.RemoteWebDriver.get(RemoteWebDriver.java:277)<br> testCases.A4Pages.checkResolutionForA4Pages(A4Pages.java:30)<br> java.base/jdk.internal.reflect.NativeMethodAccessorImpl.invoke0(Native Method)<br> java.base/jdk.internal.reflect.NativeMethodAccessorImpl.invoke(NativeMethodAccessorImpl.java:77)<br> java.base/jdk.internal.reflect.DelegatingMethodAccessorImpl.invoke(DelegatingMethodAccessorImpl.java:43)<br> java.base/java.lang.reflect.Method.invoke(Method.java:568)<br> org.testng.internal.invokers.MethodInvocationHelper.invokeMethod(MethodInvocationHelper.java:135)<br> org.testng.internal.invokers.TestInvoker.invokeMethod(TestInvoker.java:673)<br> org.testng.internal.invokers.TestInvoker.invokeTestMethod(TestInvoker.java:220)<br> org.testng.internal.invokers.MethodRunner.runInSequence(MethodRunner.java:50)<br> org.testng.internal.invokers.TestInvoker$MethodInvocationAgent.invoke(TestInvoker.java:945)<br> org.testng.internal.invokers.TestInvoker.invokeTestMethods(TestInvoker.java:193)<br> org.testng.internal.invokers.TestMethodWorker.invokeTestMethods(TestMethodWorker.java:146)<br> org.testng.internal.invokers.TestMethodWorker.run(TestMethodWorker.java:128)<br> java.base/java.util.ArrayList.forEach(ArrayList.java:1511)<br> org.testng.TestRunner.privateRun(TestRunner.java:808)<br> org.testng.TestRunner.run(TestRunner.java:603)<br> org.testng.SuiteRunner.runTest(SuiteRunner.java:429)<br> org.testng.SuiteRunner.runSequentially(SuiteRunner.java:423)<br> org.testng.SuiteRunner.privateRun(SuiteRunner.java:383)<br> org.testng.SuiteRunner.run(SuiteRunner.java:326)<br> org.testng.SuiteRunnerWorker.runSuite(SuiteRunnerWorker.java:52)<br> org.testng.SuiteRunnerWorker.run(SuiteRunnerWorker.java:95)<br> org.testng.TestNG.runSuitesSequentially(TestNG.java:1249)<br> org.testng.TestNG.runSuitesLocally(TestNG.java:1169)<br> org.testng.TestNG.runSuites(TestNG.java:1092)<br> org.testng.TestNG.run(TestNG.java:1060)<br> org.apache.maven.surefire.testng.TestNGExecutor.run(TestNGExecutor.java:295)<br> org.apache.maven.surefire.testng.TestNGXmlTestSuite.execute(TestNGXmlTestSuite.java:84)<br> org.apache.maven.surefire.testng.TestNGProvider.invoke(TestNGProvider.java:90)<br> org.apache.maven.surefire.booter.ForkedBooter.invokeProviderInSameClassLoader(ForkedBooter.java:203)<br> org.apache.maven.surefire.booter.ForkedBooter.runSuitesInProcess(ForkedBooter.java:155)<br> org.apache.maven.surefire.booter.ForkedBooter.main(ForkedBooter.java:103)]</details> 

        </td>
      </tr>
      <tr class="event-row">
        <td><span class="badge log fail-bg">Fail</span></td>
        <td>11:51:56 AM</td>
        <td>
          <b><font color=red>Screenshot of failure</font></b>
    <div class="row mb-3"><div class="col-md-3">
<img data-featherlight='FailedScreenShot.png' src="FailedScreenShot.png">
    
    </div></div>
        </td>
      </tr>
      <tr class="event-row">
        <td><span class="badge log fail-bg">Fail</span></td>
        <td>11:51:56 AM</td>
        <td>
          <span class='badge white-text red'>TEST CASE FAILED</span>
        </td>
      </tr>
  </tbody>
</table>
</div>
          </div>
        </li>
        <li class="test-item"  status="fail" test-id="7"
          author=""
          tag=""
          device="">
          <div class="test-detail">
            <p class="name">testCases.A4Pages     @TestCase : checkResolutionForA4Pages</p>
            <p class="text-sm">
              <span>11:51:57 AM</span> / <span>00:00:03:840</span>
              <span class="badge fail-bg log float-right">Fail</span>
            </p>
          </div>
          <div class="test-contents d-none">
<div class="detail-head">
<div class="p-v-10">
<div class="info">
<h5 class="test-status text-fail">testCases.A4Pages @TestCase : checkResolutionForA4Pages</h5>
<span class='badge badge-success'>07.07.2022 11:51:57 AM</span>
<span class='badge badge-danger'>07.07.2022 11:52:00 AM</span>
<span class='badge badge-default'>00:00:03:840</span>
&middot; <span class='uri-anchor badge badge-default'>#test-id=7</span>
<span class='badge badge-default pointer float-right ml-1 et'><i class="fa fa-chevron-down"></i></span>
<span class='badge badge-default pointer float-right ct'><i class="fa fa-chevron-up"></i></span>
</div>
</div>
</div><div class="detail-body mt-4">
<table class="table table-sm">
  <thead><tr><th class="status-col">Status</th><th class="timestamp-col">Timestamp</th><th class="details-col">Details</th></tr></thead>
  <tbody>
      <tr class="event-row">
        <td><span class="badge log fail-bg">Fail</span></td>
        <td>11:52:00 AM</td>
        <td>
          <details><summary><b><font color=red>Exception Occured:Click to see</font></b ></summary>[com.google.common.collect.CollectPreconditions.checkEntryNotNull(CollectPreconditions.java:33)<br> com.google.common.collect.SingletonImmutableBiMap.<init>(SingletonImmutableBiMap.java:43)<br> com.google.common.collect.ImmutableBiMap.of(ImmutableBiMap.java:81)<br> com.google.common.collect.ImmutableMap.of(ImmutableMap.java:126)<br> org.openqa.selenium.remote.RemoteWebDriver.get(RemoteWebDriver.java:277)<br> testCases.A4Pages.checkResolutionForA4Pages(A4Pages.java:30)<br> java.base/jdk.internal.reflect.NativeMethodAccessorImpl.invoke0(Native Method)<br> java.base/jdk.internal.reflect.NativeMethodAccessorImpl.invoke(NativeMethodAccessorImpl.java:77)<br> java.base/jdk.internal.reflect.DelegatingMethodAccessorImpl.invoke(DelegatingMethodAccessorImpl.java:43)<br> java.base/java.lang.reflect.Method.invoke(Method.java:568)<br> org.testng.internal.invokers.MethodInvocationHelper.invokeMethod(MethodInvocationHelper.java:135)<br> org.testng.internal.invokers.TestInvoker.invokeMethod(TestInvoker.java:673)<br> org.testng.internal.invokers.TestInvoker.invokeTestMethod(TestInvoker.java:220)<br> org.testng.internal.invokers.MethodRunner.runInSequence(MethodRunner.java:50)<br> org.testng.internal.invokers.TestInvoker$MethodInvocationAgent.invoke(TestInvoker.java:945)<br> org.testng.internal.invokers.TestInvoker.invokeTestMethods(TestInvoker.java:193)<br> org.testng.internal.invokers.TestMethodWorker.invokeTestMethods(TestMethodWorker.java:146)<br> org.testng.internal.invokers.TestMethodWorker.run(TestMethodWorker.java:128)<br> java.base/java.util.ArrayList.forEach(ArrayList.java:1511)<br> org.testng.TestRunner.privateRun(TestRunner.java:808)<br> org.testng.TestRunner.run(TestRunner.java:603)<br> org.testng.SuiteRunner.runTest(SuiteRunner.java:429)<br> org.testng.SuiteRunner.runSequentially(SuiteRunner.java:423)<br> org.testng.SuiteRunner.privateRun(SuiteRunner.java:383)<br> org.testng.SuiteRunner.run(SuiteRunner.java:326)<br> org.testng.SuiteRunnerWorker.runSuite(SuiteRunnerWorker.java:52)<br> org.testng.SuiteRunnerWorker.run(SuiteRunnerWorker.java:95)<br> org.testng.TestNG.runSuitesSequentially(TestNG.java:1249)<br> org.testng.TestNG.runSuitesLocally(TestNG.java:1169)<br> org.testng.TestNG.runSuites(TestNG.java:1092)<br> org.testng.TestNG.run(TestNG.java:1060)<br> org.apache.maven.surefire.testng.TestNGExecutor.run(TestNGExecutor.java:295)<br> org.apache.maven.surefire.testng.TestNGXmlTestSuite.execute(TestNGXmlTestSuite.java:84)<br> org.apache.maven.surefire.testng.TestNGProvider.invoke(TestNGProvider.java:90)<br> org.apache.maven.surefire.booter.ForkedBooter.invokeProviderInSameClassLoader(ForkedBooter.java:203)<br> org.apache.maven.surefire.booter.ForkedBooter.runSuitesInProcess(ForkedBooter.java:155)<br> org.apache.maven.surefire.booter.ForkedBooter.main(ForkedBooter.java:103)]</details> 

        </td>
      </tr>
      <tr class="event-row">
        <td><span class="badge log fail-bg">Fail</span></td>
        <td>11:52:00 AM</td>
        <td>
          <b><font color=red>Screenshot of failure</font></b>
    <div class="row mb-3"><div class="col-md-3">
<img data-featherlight='FailedScreenShot.png' src="FailedScreenShot.png">
    
    </div></div>
        </td>
      </tr>
      <tr class="event-row">
        <td><span class="badge log fail-bg">Fail</span></td>
        <td>11:52:00 AM</td>
        <td>
          <span class='badge white-text red'>TEST CASE FAILED</span>
        </td>
      </tr>
  </tbody>
</table>
</div>
          </div>
        </li>
        <li class="test-item"  status="fail" test-id="8"
          author=""
          tag=""
          device="">
          <div class="test-detail">
            <p class="name">testCases.A4Pages     @TestCase : checkResolutionForA4Pages</p>
            <p class="text-sm">
              <span>11:52:01 AM</span> / <span>00:00:03:853</span>
              <span class="badge fail-bg log float-right">Fail</span>
            </p>
          </div>
          <div class="test-contents d-none">
<div class="detail-head">
<div class="p-v-10">
<div class="info">
<h5 class="test-status text-fail">testCases.A4Pages @TestCase : checkResolutionForA4Pages</h5>
<span class='badge badge-success'>07.07.2022 11:52:01 AM</span>
<span class='badge badge-danger'>07.07.2022 11:52:05 AM</span>
<span class='badge badge-default'>00:00:03:853</span>
&middot; <span class='uri-anchor badge badge-default'>#test-id=8</span>
<span class='badge badge-default pointer float-right ml-1 et'><i class="fa fa-chevron-down"></i></span>
<span class='badge badge-default pointer float-right ct'><i class="fa fa-chevron-up"></i></span>
</div>
</div>
</div><div class="detail-body mt-4">
<table class="table table-sm">
  <thead><tr><th class="status-col">Status</th><th class="timestamp-col">Timestamp</th><th class="details-col">Details</th></tr></thead>
  <tbody>
      <tr class="event-row">
        <td><span class="badge log fail-bg">Fail</span></td>
        <td>11:52:05 AM</td>
        <td>
          <details><summary><b><font color=red>Exception Occured:Click to see</font></b ></summary>[com.google.common.collect.CollectPreconditions.checkEntryNotNull(CollectPreconditions.java:33)<br> com.google.common.collect.SingletonImmutableBiMap.<init>(SingletonImmutableBiMap.java:43)<br> com.google.common.collect.ImmutableBiMap.of(ImmutableBiMap.java:81)<br> com.google.common.collect.ImmutableMap.of(ImmutableMap.java:126)<br> org.openqa.selenium.remote.RemoteWebDriver.get(RemoteWebDriver.java:277)<br> testCases.A4Pages.checkResolutionForA4Pages(A4Pages.java:30)<br> java.base/jdk.internal.reflect.NativeMethodAccessorImpl.invoke0(Native Method)<br> java.base/jdk.internal.reflect.NativeMethodAccessorImpl.invoke(NativeMethodAccessorImpl.java:77)<br> java.base/jdk.internal.reflect.DelegatingMethodAccessorImpl.invoke(DelegatingMethodAccessorImpl.java:43)<br> java.base/java.lang.reflect.Method.invoke(Method.java:568)<br> org.testng.internal.invokers.MethodInvocationHelper.invokeMethod(MethodInvocationHelper.java:135)<br> org.testng.internal.invokers.TestInvoker.invokeMethod(TestInvoker.java:673)<br> org.testng.internal.invokers.TestInvoker.invokeTestMethod(TestInvoker.java:220)<br> org.testng.internal.invokers.MethodRunner.runInSequence(MethodRunner.java:50)<br> org.testng.internal.invokers.TestInvoker$MethodInvocationAgent.invoke(TestInvoker.java:945)<br> org.testng.internal.invokers.TestInvoker.invokeTestMethods(TestInvoker.java:193)<br> org.testng.internal.invokers.TestMethodWorker.invokeTestMethods(TestMethodWorker.java:146)<br> org.testng.internal.invokers.TestMethodWorker.run(TestMethodWorker.java:128)<br> java.base/java.util.ArrayList.forEach(ArrayList.java:1511)<br> org.testng.TestRunner.privateRun(TestRunner.java:808)<br> org.testng.TestRunner.run(TestRunner.java:603)<br> org.testng.SuiteRunner.runTest(SuiteRunner.java:429)<br> org.testng.SuiteRunner.runSequentially(SuiteRunner.java:423)<br> org.testng.SuiteRunner.privateRun(SuiteRunner.java:383)<br> org.testng.SuiteRunner.run(SuiteRunner.java:326)<br> org.testng.SuiteRunnerWorker.runSuite(SuiteRunnerWorker.java:52)<br> org.testng.SuiteRunnerWorker.run(SuiteRunnerWorker.java:95)<br> org.testng.TestNG.runSuitesSequentially(TestNG.java:1249)<br> org.testng.TestNG.runSuitesLocally(TestNG.java:1169)<br> org.testng.TestNG.runSuites(TestNG.java:1092)<br> org.testng.TestNG.run(TestNG.java:1060)<br> org.apache.maven.surefire.testng.TestNGExecutor.run(TestNGExecutor.java:295)<br> org.apache.maven.surefire.testng.TestNGXmlTestSuite.execute(TestNGXmlTestSuite.java:84)<br> org.apache.maven.surefire.testng.TestNGProvider.invoke(TestNGProvider.java:90)<br> org.apache.maven.surefire.booter.ForkedBooter.invokeProviderInSameClassLoader(ForkedBooter.java:203)<br> org.apache.maven.surefire.booter.ForkedBooter.runSuitesInProcess(ForkedBooter.java:155)<br> org.apache.maven.surefire.booter.ForkedBooter.main(ForkedBooter.java:103)]</details> 

        </td>
      </tr>
      <tr class="event-row">
        <td><span class="badge log fail-bg">Fail</span></td>
        <td>11:52:05 AM</td>
        <td>
          <b><font color=red>Screenshot of failure</font></b>
    <div class="row mb-3"><div class="col-md-3">
<img data-featherlight='FailedScreenShot.png' src="FailedScreenShot.png">
    
    </div></div>
        </td>
      </tr>
      <tr class="event-row">
        <td><span class="badge log fail-bg">Fail</span></td>
        <td>11:52:05 AM</td>
        <td>
          <span class='badge white-text red'>TEST CASE FAILED</span>
        </td>
      </tr>
  </tbody>
</table>
</div>
          </div>
        </li>
        <li class="test-item"  status="pass" test-id="9"
          author=""
          tag=""
          device="">
          <div class="test-detail">
            <p class="name">testCases.NewlyProducts     @TestCase : checkResolutionForNewlyProducts</p>
            <p class="text-sm">
              <span>11:52:05 AM</span> / <span>00:00:17:631</span>
              <span class="badge pass-bg log float-right">Pass</span>
            </p>
          </div>
          <div class="test-contents d-none">
<div class="detail-head">
<div class="p-v-10">
<div class="info">
<h5 class="test-status text-pass">testCases.NewlyProducts @TestCase : checkResolutionForNewlyProducts</h5>
<span class='badge badge-success'>07.07.2022 11:52:05 AM</span>
<span class='badge badge-danger'>07.07.2022 11:52:23 AM</span>
<span class='badge badge-default'>00:00:17:631</span>
&middot; <span class='uri-anchor badge badge-default'>#test-id=9</span>
<span class='badge badge-default pointer float-right ml-1 et'><i class="fa fa-chevron-down"></i></span>
<span class='badge badge-default pointer float-right ct'><i class="fa fa-chevron-up"></i></span>
</div>
</div>
</div><div class="detail-body mt-4">
<table class="table table-sm">
  <thead><tr><th class="status-col">Status</th><th class="timestamp-col">Timestamp</th><th class="details-col">Details</th></tr></thead>
  <tbody>
      <tr class="event-row">
        <td><span class="badge log pass-bg">Pass</span></td>
        <td>11:52:23 AM</td>
        <td>
          <span class='badge white-text green'><b>TEST CASE:- CHECKRESOLUTIONFORNEWLYPRODUCTS PASSED</b></span>
        </td>
      </tr>
  </tbody>
</table>
</div>
          </div>
        </li>
        <li class="test-item"  status="pass" test-id="10"
          author=""
          tag=""
          device="">
          <div class="test-detail">
            <p class="name">testCases.NewlyProducts     @TestCase : checkResolutionForNewlyProducts</p>
            <p class="text-sm">
              <span>11:52:23 AM</span> / <span>00:00:29:850</span>
              <span class="badge pass-bg log float-right">Pass</span>
            </p>
          </div>
          <div class="test-contents d-none">
<div class="detail-head">
<div class="p-v-10">
<div class="info">
<h5 class="test-status text-pass">testCases.NewlyProducts @TestCase : checkResolutionForNewlyProducts</h5>
<span class='badge badge-success'>07.07.2022 11:52:23 AM</span>
<span class='badge badge-danger'>07.07.2022 11:52:53 AM</span>
<span class='badge badge-default'>00:00:29:850</span>
&middot; <span class='uri-anchor badge badge-default'>#test-id=10</span>
<span class='badge badge-default pointer float-right ml-1 et'><i class="fa fa-chevron-down"></i></span>
<span class='badge badge-default pointer float-right ct'><i class="fa fa-chevron-up"></i></span>
</div>
</div>
</div><div class="detail-body mt-4">
<table class="table table-sm">
  <thead><tr><th class="status-col">Status</th><th class="timestamp-col">Timestamp</th><th class="details-col">Details</th></tr></thead>
  <tbody>
      <tr class="event-row">
        <td><span class="badge log pass-bg">Pass</span></td>
        <td>11:52:53 AM</td>
        <td>
          <span class='badge white-text green'><b>TEST CASE:- CHECKRESOLUTIONFORNEWLYPRODUCTS PASSED</b></span>
        </td>
      </tr>
  </tbody>
</table>
</div>
          </div>
        </li>
        <li class="test-item"  status="pass" test-id="11"
          author=""
          tag=""
          device="">
          <div class="test-detail">
            <p class="name">testCases.NewlyProducts     @TestCase : checkResolutionForNewlyProducts</p>
            <p class="text-sm">
              <span>11:52:53 AM</span> / <span>00:00:17:504</span>
              <span class="badge pass-bg log float-right">Pass</span>
            </p>
          </div>
          <div class="test-contents d-none">
<div class="detail-head">
<div class="p-v-10">
<div class="info">
<h5 class="test-status text-pass">testCases.NewlyProducts @TestCase : checkResolutionForNewlyProducts</h5>
<span class='badge badge-success'>07.07.2022 11:52:53 AM</span>
<span class='badge badge-danger'>07.07.2022 11:53:10 AM</span>
<span class='badge badge-default'>00:00:17:504</span>
&middot; <span class='uri-anchor badge badge-default'>#test-id=11</span>
<span class='badge badge-default pointer float-right ml-1 et'><i class="fa fa-chevron-down"></i></span>
<span class='badge badge-default pointer float-right ct'><i class="fa fa-chevron-up"></i></span>
</div>
</div>
</div><div class="detail-body mt-4">
<table class="table table-sm">
  <thead><tr><th class="status-col">Status</th><th class="timestamp-col">Timestamp</th><th class="details-col">Details</th></tr></thead>
  <tbody>
      <tr class="event-row">
        <td><span class="badge log pass-bg">Pass</span></td>
        <td>11:53:10 AM</td>
        <td>
          <span class='badge white-text green'><b>TEST CASE:- CHECKRESOLUTIONFORNEWLYPRODUCTS PASSED</b></span>
        </td>
      </tr>
  </tbody>
</table>
</div>
          </div>
        </li>
        <li class="test-item"  status="pass" test-id="12"
          author=""
          tag=""
          device="">
          <div class="test-detail">
            <p class="name">testCases.NewlyProducts     @TestCase : checkResolutionForNewlyProducts</p>
            <p class="text-sm">
              <span>11:53:10 AM</span> / <span>00:00:17:780</span>
              <span class="badge pass-bg log float-right">Pass</span>
            </p>
          </div>
          <div class="test-contents d-none">
<div class="detail-head">
<div class="p-v-10">
<div class="info">
<h5 class="test-status text-pass">testCases.NewlyProducts @TestCase : checkResolutionForNewlyProducts</h5>
<span class='badge badge-success'>07.07.2022 11:53:10 AM</span>
<span class='badge badge-danger'>07.07.2022 11:53:28 AM</span>
<span class='badge badge-default'>00:00:17:780</span>
&middot; <span class='uri-anchor badge badge-default'>#test-id=12</span>
<span class='badge badge-default pointer float-right ml-1 et'><i class="fa fa-chevron-down"></i></span>
<span class='badge badge-default pointer float-right ct'><i class="fa fa-chevron-up"></i></span>
</div>
</div>
</div><div class="detail-body mt-4">
<table class="table table-sm">
  <thead><tr><th class="status-col">Status</th><th class="timestamp-col">Timestamp</th><th class="details-col">Details</th></tr></thead>
  <tbody>
      <tr class="event-row">
        <td><span class="badge log pass-bg">Pass</span></td>
        <td>11:53:28 AM</td>
        <td>
          <span class='badge white-text green'><b>TEST CASE:- CHECKRESOLUTIONFORNEWLYPRODUCTS PASSED</b></span>
        </td>
      </tr>
  </tbody>
</table>
</div>
          </div>
        </li>
        <li class="test-item"  status="pass" test-id="13"
          author=""
          tag=""
          device="">
          <div class="test-detail">
            <p class="name">testCases.NewlyProducts     @TestCase : checkResolutionForNewlyProducts</p>
            <p class="text-sm">
              <span>11:53:28 AM</span> / <span>00:00:14:413</span>
              <span class="badge pass-bg log float-right">Pass</span>
            </p>
          </div>
          <div class="test-contents d-none">
<div class="detail-head">
<div class="p-v-10">
<div class="info">
<h5 class="test-status text-pass">testCases.NewlyProducts @TestCase : checkResolutionForNewlyProducts</h5>
<span class='badge badge-success'>07.07.2022 11:53:28 AM</span>
<span class='badge badge-danger'>07.07.2022 11:53:43 AM</span>
<span class='badge badge-default'>00:00:14:413</span>
&middot; <span class='uri-anchor badge badge-default'>#test-id=13</span>
<span class='badge badge-default pointer float-right ml-1 et'><i class="fa fa-chevron-down"></i></span>
<span class='badge badge-default pointer float-right ct'><i class="fa fa-chevron-up"></i></span>
</div>
</div>
</div><div class="detail-body mt-4">
<table class="table table-sm">
  <thead><tr><th class="status-col">Status</th><th class="timestamp-col">Timestamp</th><th class="details-col">Details</th></tr></thead>
  <tbody>
      <tr class="event-row">
        <td><span class="badge log pass-bg">Pass</span></td>
        <td>11:53:43 AM</td>
        <td>
          <span class='badge white-text green'><b>TEST CASE:- CHECKRESOLUTIONFORNEWLYPRODUCTS PASSED</b></span>
        </td>
      </tr>
  </tbody>
</table>
</div>
          </div>
        </li>
        <li class="test-item"  status="pass" test-id="14"
          author=""
          tag=""
          device="">
          <div class="test-detail">
            <p class="name">testCases.NewlyProducts     @TestCase : checkResolutionForNewlyProducts</p>
            <p class="text-sm">
              <span>11:53:43 AM</span> / <span>00:00:14:922</span>
              <span class="badge pass-bg log float-right">Pass</span>
            </p>
          </div>
          <div class="test-contents d-none">
<div class="detail-head">
<div class="p-v-10">
<div class="info">
<h5 class="test-status text-pass">testCases.NewlyProducts @TestCase : checkResolutionForNewlyProducts</h5>
<span class='badge badge-success'>07.07.2022 11:53:43 AM</span>
<span class='badge badge-danger'>07.07.2022 11:53:58 AM</span>
<span class='badge badge-default'>00:00:14:922</span>
&middot; <span class='uri-anchor badge badge-default'>#test-id=14</span>
<span class='badge badge-default pointer float-right ml-1 et'><i class="fa fa-chevron-down"></i></span>
<span class='badge badge-default pointer float-right ct'><i class="fa fa-chevron-up"></i></span>
</div>
</div>
</div><div class="detail-body mt-4">
<table class="table table-sm">
  <thead><tr><th class="status-col">Status</th><th class="timestamp-col">Timestamp</th><th class="details-col">Details</th></tr></thead>
  <tbody>
      <tr class="event-row">
        <td><span class="badge log pass-bg">Pass</span></td>
        <td>11:53:58 AM</td>
        <td>
          <span class='badge white-text green'><b>TEST CASE:- CHECKRESOLUTIONFORNEWLYPRODUCTS PASSED</b></span>
        </td>
      </tr>
  </tbody>
</table>
</div>
          </div>
        </li>
        <li class="test-item"  status="pass" test-id="15"
          author=""
          tag=""
          device="">
          <div class="test-detail">
            <p class="name">testCases.NewlyProducts     @TestCase : checkResolutionForNewlyProducts</p>
            <p class="text-sm">
              <span>11:53:58 AM</span> / <span>00:00:14:733</span>
              <span class="badge pass-bg log float-right">Pass</span>
            </p>
          </div>
          <div class="test-contents d-none">
<div class="detail-head">
<div class="p-v-10">
<div class="info">
<h5 class="test-status text-pass">testCases.NewlyProducts @TestCase : checkResolutionForNewlyProducts</h5>
<span class='badge badge-success'>07.07.2022 11:53:58 AM</span>
<span class='badge badge-danger'>07.07.2022 11:54:12 AM</span>
<span class='badge badge-default'>00:00:14:733</span>
&middot; <span class='uri-anchor badge badge-default'>#test-id=15</span>
<span class='badge badge-default pointer float-right ml-1 et'><i class="fa fa-chevron-down"></i></span>
<span class='badge badge-default pointer float-right ct'><i class="fa fa-chevron-up"></i></span>
</div>
</div>
</div><div class="detail-body mt-4">
<table class="table table-sm">
  <thead><tr><th class="status-col">Status</th><th class="timestamp-col">Timestamp</th><th class="details-col">Details</th></tr></thead>
  <tbody>
      <tr class="event-row">
        <td><span class="badge log pass-bg">Pass</span></td>
        <td>11:54:12 AM</td>
        <td>
          <span class='badge white-text green'><b>TEST CASE:- CHECKRESOLUTIONFORNEWLYPRODUCTS PASSED</b></span>
        </td>
      </tr>
  </tbody>
</table>
</div>
          </div>
        </li>
        <li class="test-item"  status="pass" test-id="16"
          author=""
          tag=""
          device="">
          <div class="test-detail">
            <p class="name">testCases.NewlyProducts     @TestCase : checkResolutionForNewlyProducts</p>
            <p class="text-sm">
              <span>11:54:12 AM</span> / <span>00:00:15:402</span>
              <span class="badge pass-bg log float-right">Pass</span>
            </p>
          </div>
          <div class="test-contents d-none">
<div class="detail-head">
<div class="p-v-10">
<div class="info">
<h5 class="test-status text-pass">testCases.NewlyProducts @TestCase : checkResolutionForNewlyProducts</h5>
<span class='badge badge-success'>07.07.2022 11:54:12 AM</span>
<span class='badge badge-danger'>07.07.2022 11:54:28 AM</span>
<span class='badge badge-default'>00:00:15:402</span>
&middot; <span class='uri-anchor badge badge-default'>#test-id=16</span>
<span class='badge badge-default pointer float-right ml-1 et'><i class="fa fa-chevron-down"></i></span>
<span class='badge badge-default pointer float-right ct'><i class="fa fa-chevron-up"></i></span>
</div>
</div>
</div><div class="detail-body mt-4">
<table class="table table-sm">
  <thead><tr><th class="status-col">Status</th><th class="timestamp-col">Timestamp</th><th class="details-col">Details</th></tr></thead>
  <tbody>
      <tr class="event-row">
        <td><span class="badge log pass-bg">Pass</span></td>
        <td>11:54:28 AM</td>
        <td>
          <span class='badge white-text green'><b>TEST CASE:- CHECKRESOLUTIONFORNEWLYPRODUCTS PASSED</b></span>
        </td>
      </tr>
  </tbody>
</table>
</div>
          </div>
        </li>
        <li class="test-item"  status="fail" test-id="17"
          author=""
          tag=""
          device="">
          <div class="test-detail">
            <p class="name">testCases.PopularPPts     @TestCase : checkResolutionForpopularPPts</p>
            <p class="text-sm">
              <span>11:54:28 AM</span> / <span>00:00:03:867</span>
              <span class="badge fail-bg log float-right">Fail</span>
            </p>
          </div>
          <div class="test-contents d-none">
<div class="detail-head">
<div class="p-v-10">
<div class="info">
<h5 class="test-status text-fail">testCases.PopularPPts @TestCase : checkResolutionForpopularPPts</h5>
<span class='badge badge-success'>07.07.2022 11:54:28 AM</span>
<span class='badge badge-danger'>07.07.2022 11:54:32 AM</span>
<span class='badge badge-default'>00:00:03:867</span>
&middot; <span class='uri-anchor badge badge-default'>#test-id=17</span>
<span class='badge badge-default pointer float-right ml-1 et'><i class="fa fa-chevron-down"></i></span>
<span class='badge badge-default pointer float-right ct'><i class="fa fa-chevron-up"></i></span>
</div>
</div>
</div><div class="detail-body mt-4">
<table class="table table-sm">
  <thead><tr><th class="status-col">Status</th><th class="timestamp-col">Timestamp</th><th class="details-col">Details</th></tr></thead>
  <tbody>
      <tr class="event-row">
        <td><span class="badge log fail-bg">Fail</span></td>
        <td>11:54:31 AM</td>
        <td>
          <details><summary><b><font color=red>Exception Occured:Click to see</font></b ></summary>[com.google.common.collect.CollectPreconditions.checkEntryNotNull(CollectPreconditions.java:33)<br> com.google.common.collect.SingletonImmutableBiMap.<init>(SingletonImmutableBiMap.java:43)<br> com.google.common.collect.ImmutableBiMap.of(ImmutableBiMap.java:81)<br> com.google.common.collect.ImmutableMap.of(ImmutableMap.java:126)<br> org.openqa.selenium.remote.RemoteWebDriver.get(RemoteWebDriver.java:277)<br> testCases.PopularPPts.checkResolutionForpopularPPts(PopularPPts.java:29)<br> java.base/jdk.internal.reflect.NativeMethodAccessorImpl.invoke0(Native Method)<br> java.base/jdk.internal.reflect.NativeMethodAccessorImpl.invoke(NativeMethodAccessorImpl.java:77)<br> java.base/jdk.internal.reflect.DelegatingMethodAccessorImpl.invoke(DelegatingMethodAccessorImpl.java:43)<br> java.base/java.lang.reflect.Method.invoke(Method.java:568)<br> org.testng.internal.invokers.MethodInvocationHelper.invokeMethod(MethodInvocationHelper.java:135)<br> org.testng.internal.invokers.TestInvoker.invokeMethod(TestInvoker.java:673)<br> org.testng.internal.invokers.TestInvoker.invokeTestMethod(TestInvoker.java:220)<br> org.testng.internal.invokers.MethodRunner.runInSequence(MethodRunner.java:50)<br> org.testng.internal.invokers.TestInvoker$MethodInvocationAgent.invoke(TestInvoker.java:945)<br> org.testng.internal.invokers.TestInvoker.invokeTestMethods(TestInvoker.java:193)<br> org.testng.internal.invokers.TestMethodWorker.invokeTestMethods(TestMethodWorker.java:146)<br> org.testng.internal.invokers.TestMethodWorker.run(TestMethodWorker.java:128)<br> java.base/java.util.ArrayList.forEach(ArrayList.java:1511)<br> org.testng.TestRunner.privateRun(TestRunner.java:808)<br> org.testng.TestRunner.run(TestRunner.java:603)<br> org.testng.SuiteRunner.runTest(SuiteRunner.java:429)<br> org.testng.SuiteRunner.runSequentially(SuiteRunner.java:423)<br> org.testng.SuiteRunner.privateRun(SuiteRunner.java:383)<br> org.testng.SuiteRunner.run(SuiteRunner.java:326)<br> org.testng.SuiteRunnerWorker.runSuite(SuiteRunnerWorker.java:52)<br> org.testng.SuiteRunnerWorker.run(SuiteRunnerWorker.java:95)<br> org.testng.TestNG.runSuitesSequentially(TestNG.java:1249)<br> org.testng.TestNG.runSuitesLocally(TestNG.java:1169)<br> org.testng.TestNG.runSuites(TestNG.java:1092)<br> org.testng.TestNG.run(TestNG.java:1060)<br> org.apache.maven.surefire.testng.TestNGExecutor.run(TestNGExecutor.java:295)<br> org.apache.maven.surefire.testng.TestNGXmlTestSuite.execute(TestNGXmlTestSuite.java:84)<br> org.apache.maven.surefire.testng.TestNGProvider.invoke(TestNGProvider.java:90)<br> org.apache.maven.surefire.booter.ForkedBooter.invokeProviderInSameClassLoader(ForkedBooter.java:203)<br> org.apache.maven.surefire.booter.ForkedBooter.runSuitesInProcess(ForkedBooter.java:155)<br> org.apache.maven.surefire.booter.ForkedBooter.main(ForkedBooter.java:103)]</details> 

        </td>
      </tr>
      <tr class="event-row">
        <td><span class="badge log fail-bg">Fail</span></td>
        <td>11:54:32 AM</td>
        <td>
          <b><font color=red>Screenshot of failure</font></b>
    <div class="row mb-3"><div class="col-md-3">
<img data-featherlight='FailedScreenShot.png' src="FailedScreenShot.png">
    
    </div></div>
        </td>
      </tr>
      <tr class="event-row">
        <td><span class="badge log fail-bg">Fail</span></td>
        <td>11:54:32 AM</td>
        <td>
          <span class='badge white-text red'>TEST CASE FAILED</span>
        </td>
      </tr>
  </tbody>
</table>
</div>
          </div>
        </li>
        <li class="test-item"  status="fail" test-id="18"
          author=""
          tag=""
          device="">
          <div class="test-detail">
            <p class="name">testCases.PopularPPts     @TestCase : checkResolutionForpopularPPts</p>
            <p class="text-sm">
              <span>11:54:32 AM</span> / <span>00:00:03:595</span>
              <span class="badge fail-bg log float-right">Fail</span>
            </p>
          </div>
          <div class="test-contents d-none">
<div class="detail-head">
<div class="p-v-10">
<div class="info">
<h5 class="test-status text-fail">testCases.PopularPPts @TestCase : checkResolutionForpopularPPts</h5>
<span class='badge badge-success'>07.07.2022 11:54:32 AM</span>
<span class='badge badge-danger'>07.07.2022 11:54:36 AM</span>
<span class='badge badge-default'>00:00:03:595</span>
&middot; <span class='uri-anchor badge badge-default'>#test-id=18</span>
<span class='badge badge-default pointer float-right ml-1 et'><i class="fa fa-chevron-down"></i></span>
<span class='badge badge-default pointer float-right ct'><i class="fa fa-chevron-up"></i></span>
</div>
</div>
</div><div class="detail-body mt-4">
<table class="table table-sm">
  <thead><tr><th class="status-col">Status</th><th class="timestamp-col">Timestamp</th><th class="details-col">Details</th></tr></thead>
  <tbody>
      <tr class="event-row">
        <td><span class="badge log fail-bg">Fail</span></td>
        <td>11:54:36 AM</td>
        <td>
          <details><summary><b><font color=red>Exception Occured:Click to see</font></b ></summary>[com.google.common.collect.CollectPreconditions.checkEntryNotNull(CollectPreconditions.java:33)<br> com.google.common.collect.SingletonImmutableBiMap.<init>(SingletonImmutableBiMap.java:43)<br> com.google.common.collect.ImmutableBiMap.of(ImmutableBiMap.java:81)<br> com.google.common.collect.ImmutableMap.of(ImmutableMap.java:126)<br> org.openqa.selenium.remote.RemoteWebDriver.get(RemoteWebDriver.java:277)<br> testCases.PopularPPts.checkResolutionForpopularPPts(PopularPPts.java:29)<br> java.base/jdk.internal.reflect.NativeMethodAccessorImpl.invoke0(Native Method)<br> java.base/jdk.internal.reflect.NativeMethodAccessorImpl.invoke(NativeMethodAccessorImpl.java:77)<br> java.base/jdk.internal.reflect.DelegatingMethodAccessorImpl.invoke(DelegatingMethodAccessorImpl.java:43)<br> java.base/java.lang.reflect.Method.invoke(Method.java:568)<br> org.testng.internal.invokers.MethodInvocationHelper.invokeMethod(MethodInvocationHelper.java:135)<br> org.testng.internal.invokers.TestInvoker.invokeMethod(TestInvoker.java:673)<br> org.testng.internal.invokers.TestInvoker.invokeTestMethod(TestInvoker.java:220)<br> org.testng.internal.invokers.MethodRunner.runInSequence(MethodRunner.java:50)<br> org.testng.internal.invokers.TestInvoker$MethodInvocationAgent.invoke(TestInvoker.java:945)<br> org.testng.internal.invokers.TestInvoker.invokeTestMethods(TestInvoker.java:193)<br> org.testng.internal.invokers.TestMethodWorker.invokeTestMethods(TestMethodWorker.java:146)<br> org.testng.internal.invokers.TestMethodWorker.run(TestMethodWorker.java:128)<br> java.base/java.util.ArrayList.forEach(ArrayList.java:1511)<br> org.testng.TestRunner.privateRun(TestRunner.java:808)<br> org.testng.TestRunner.run(TestRunner.java:603)<br> org.testng.SuiteRunner.runTest(SuiteRunner.java:429)<br> org.testng.SuiteRunner.runSequentially(SuiteRunner.java:423)<br> org.testng.SuiteRunner.privateRun(SuiteRunner.java:383)<br> org.testng.SuiteRunner.run(SuiteRunner.java:326)<br> org.testng.SuiteRunnerWorker.runSuite(SuiteRunnerWorker.java:52)<br> org.testng.SuiteRunnerWorker.run(SuiteRunnerWorker.java:95)<br> org.testng.TestNG.runSuitesSequentially(TestNG.java:1249)<br> org.testng.TestNG.runSuitesLocally(TestNG.java:1169)<br> org.testng.TestNG.runSuites(TestNG.java:1092)<br> org.testng.TestNG.run(TestNG.java:1060)<br> org.apache.maven.surefire.testng.TestNGExecutor.run(TestNGExecutor.java:295)<br> org.apache.maven.surefire.testng.TestNGXmlTestSuite.execute(TestNGXmlTestSuite.java:84)<br> org.apache.maven.surefire.testng.TestNGProvider.invoke(TestNGProvider.java:90)<br> org.apache.maven.surefire.booter.ForkedBooter.invokeProviderInSameClassLoader(ForkedBooter.java:203)<br> org.apache.maven.surefire.booter.ForkedBooter.runSuitesInProcess(ForkedBooter.java:155)<br> org.apache.maven.surefire.booter.ForkedBooter.main(ForkedBooter.java:103)]</details> 

        </td>
      </tr>
      <tr class="event-row">
        <td><span class="badge log fail-bg">Fail</span></td>
        <td>11:54:36 AM</td>
        <td>
          <b><font color=red>Screenshot of failure</font></b>
    <div class="row mb-3"><div class="col-md-3">
<img data-featherlight='FailedScreenShot.png' src="FailedScreenShot.png">
    
    </div></div>
        </td>
      </tr>
      <tr class="event-row">
        <td><span class="badge log fail-bg">Fail</span></td>
        <td>11:54:36 AM</td>
        <td>
          <span class='badge white-text red'>TEST CASE FAILED</span>
        </td>
      </tr>
  </tbody>
</table>
</div>
          </div>
        </li>
        <li class="test-item"  status="fail" test-id="19"
          author=""
          tag=""
          device="">
          <div class="test-detail">
            <p class="name">testCases.PopularPPts     @TestCase : checkResolutionForpopularPPts</p>
            <p class="text-sm">
              <span>11:54:36 AM</span> / <span>00:00:03:612</span>
              <span class="badge fail-bg log float-right">Fail</span>
            </p>
          </div>
          <div class="test-contents d-none">
<div class="detail-head">
<div class="p-v-10">
<div class="info">
<h5 class="test-status text-fail">testCases.PopularPPts @TestCase : checkResolutionForpopularPPts</h5>
<span class='badge badge-success'>07.07.2022 11:54:36 AM</span>
<span class='badge badge-danger'>07.07.2022 11:54:40 AM</span>
<span class='badge badge-default'>00:00:03:612</span>
&middot; <span class='uri-anchor badge badge-default'>#test-id=19</span>
<span class='badge badge-default pointer float-right ml-1 et'><i class="fa fa-chevron-down"></i></span>
<span class='badge badge-default pointer float-right ct'><i class="fa fa-chevron-up"></i></span>
</div>
</div>
</div><div class="detail-body mt-4">
<table class="table table-sm">
  <thead><tr><th class="status-col">Status</th><th class="timestamp-col">Timestamp</th><th class="details-col">Details</th></tr></thead>
  <tbody>
      <tr class="event-row">
        <td><span class="badge log fail-bg">Fail</span></td>
        <td>11:54:40 AM</td>
        <td>
          <details><summary><b><font color=red>Exception Occured:Click to see</font></b ></summary>[com.google.common.collect.CollectPreconditions.checkEntryNotNull(CollectPreconditions.java:33)<br> com.google.common.collect.SingletonImmutableBiMap.<init>(SingletonImmutableBiMap.java:43)<br> com.google.common.collect.ImmutableBiMap.of(ImmutableBiMap.java:81)<br> com.google.common.collect.ImmutableMap.of(ImmutableMap.java:126)<br> org.openqa.selenium.remote.RemoteWebDriver.get(RemoteWebDriver.java:277)<br> testCases.PopularPPts.checkResolutionForpopularPPts(PopularPPts.java:29)<br> java.base/jdk.internal.reflect.NativeMethodAccessorImpl.invoke0(Native Method)<br> java.base/jdk.internal.reflect.NativeMethodAccessorImpl.invoke(NativeMethodAccessorImpl.java:77)<br> java.base/jdk.internal.reflect.DelegatingMethodAccessorImpl.invoke(DelegatingMethodAccessorImpl.java:43)<br> java.base/java.lang.reflect.Method.invoke(Method.java:568)<br> org.testng.internal.invokers.MethodInvocationHelper.invokeMethod(MethodInvocationHelper.java:135)<br> org.testng.internal.invokers.TestInvoker.invokeMethod(TestInvoker.java:673)<br> org.testng.internal.invokers.TestInvoker.invokeTestMethod(TestInvoker.java:220)<br> org.testng.internal.invokers.MethodRunner.runInSequence(MethodRunner.java:50)<br> org.testng.internal.invokers.TestInvoker$MethodInvocationAgent.invoke(TestInvoker.java:945)<br> org.testng.internal.invokers.TestInvoker.invokeTestMethods(TestInvoker.java:193)<br> org.testng.internal.invokers.TestMethodWorker.invokeTestMethods(TestMethodWorker.java:146)<br> org.testng.internal.invokers.TestMethodWorker.run(TestMethodWorker.java:128)<br> java.base/java.util.ArrayList.forEach(ArrayList.java:1511)<br> org.testng.TestRunner.privateRun(TestRunner.java:808)<br> org.testng.TestRunner.run(TestRunner.java:603)<br> org.testng.SuiteRunner.runTest(SuiteRunner.java:429)<br> org.testng.SuiteRunner.runSequentially(SuiteRunner.java:423)<br> org.testng.SuiteRunner.privateRun(SuiteRunner.java:383)<br> org.testng.SuiteRunner.run(SuiteRunner.java:326)<br> org.testng.SuiteRunnerWorker.runSuite(SuiteRunnerWorker.java:52)<br> org.testng.SuiteRunnerWorker.run(SuiteRunnerWorker.java:95)<br> org.testng.TestNG.runSuitesSequentially(TestNG.java:1249)<br> org.testng.TestNG.runSuitesLocally(TestNG.java:1169)<br> org.testng.TestNG.runSuites(TestNG.java:1092)<br> org.testng.TestNG.run(TestNG.java:1060)<br> org.apache.maven.surefire.testng.TestNGExecutor.run(TestNGExecutor.java:295)<br> org.apache.maven.surefire.testng.TestNGXmlTestSuite.execute(TestNGXmlTestSuite.java:84)<br> org.apache.maven.surefire.testng.TestNGProvider.invoke(TestNGProvider.java:90)<br> org.apache.maven.surefire.booter.ForkedBooter.invokeProviderInSameClassLoader(ForkedBooter.java:203)<br> org.apache.maven.surefire.booter.ForkedBooter.runSuitesInProcess(ForkedBooter.java:155)<br> org.apache.maven.surefire.booter.ForkedBooter.main(ForkedBooter.java:103)]</details> 

        </td>
      </tr>
      <tr class="event-row">
        <td><span class="badge log fail-bg">Fail</span></td>
        <td>11:54:40 AM</td>
        <td>
          <b><font color=red>Screenshot of failure</font></b>
    <div class="row mb-3"><div class="col-md-3">
<img data-featherlight='FailedScreenShot.png' src="FailedScreenShot.png">
    
    </div></div>
        </td>
      </tr>
      <tr class="event-row">
        <td><span class="badge log fail-bg">Fail</span></td>
        <td>11:54:40 AM</td>
        <td>
          <span class='badge white-text red'>TEST CASE FAILED</span>
        </td>
      </tr>
  </tbody>
</table>
</div>
          </div>
        </li>
        <li class="test-item"  status="fail" test-id="20"
          author=""
          tag=""
          device="">
          <div class="test-detail">
            <p class="name">testCases.PopularPPts     @TestCase : checkResolutionForpopularPPts</p>
            <p class="text-sm">
              <span>11:54:40 AM</span> / <span>00:00:03:645</span>
              <span class="badge fail-bg log float-right">Fail</span>
            </p>
          </div>
          <div class="test-contents d-none">
<div class="detail-head">
<div class="p-v-10">
<div class="info">
<h5 class="test-status text-fail">testCases.PopularPPts @TestCase : checkResolutionForpopularPPts</h5>
<span class='badge badge-success'>07.07.2022 11:54:40 AM</span>
<span class='badge badge-danger'>07.07.2022 11:54:44 AM</span>
<span class='badge badge-default'>00:00:03:645</span>
&middot; <span class='uri-anchor badge badge-default'>#test-id=20</span>
<span class='badge badge-default pointer float-right ml-1 et'><i class="fa fa-chevron-down"></i></span>
<span class='badge badge-default pointer float-right ct'><i class="fa fa-chevron-up"></i></span>
</div>
</div>
</div><div class="detail-body mt-4">
<table class="table table-sm">
  <thead><tr><th class="status-col">Status</th><th class="timestamp-col">Timestamp</th><th class="details-col">Details</th></tr></thead>
  <tbody>
      <tr class="event-row">
        <td><span class="badge log fail-bg">Fail</span></td>
        <td>11:54:44 AM</td>
        <td>
          <details><summary><b><font color=red>Exception Occured:Click to see</font></b ></summary>[com.google.common.collect.CollectPreconditions.checkEntryNotNull(CollectPreconditions.java:33)<br> com.google.common.collect.SingletonImmutableBiMap.<init>(SingletonImmutableBiMap.java:43)<br> com.google.common.collect.ImmutableBiMap.of(ImmutableBiMap.java:81)<br> com.google.common.collect.ImmutableMap.of(ImmutableMap.java:126)<br> org.openqa.selenium.remote.RemoteWebDriver.get(RemoteWebDriver.java:277)<br> testCases.PopularPPts.checkResolutionForpopularPPts(PopularPPts.java:29)<br> java.base/jdk.internal.reflect.NativeMethodAccessorImpl.invoke0(Native Method)<br> java.base/jdk.internal.reflect.NativeMethodAccessorImpl.invoke(NativeMethodAccessorImpl.java:77)<br> java.base/jdk.internal.reflect.DelegatingMethodAccessorImpl.invoke(DelegatingMethodAccessorImpl.java:43)<br> java.base/java.lang.reflect.Method.invoke(Method.java:568)<br> org.testng.internal.invokers.MethodInvocationHelper.invokeMethod(MethodInvocationHelper.java:135)<br> org.testng.internal.invokers.TestInvoker.invokeMethod(TestInvoker.java:673)<br> org.testng.internal.invokers.TestInvoker.invokeTestMethod(TestInvoker.java:220)<br> org.testng.internal.invokers.MethodRunner.runInSequence(MethodRunner.java:50)<br> org.testng.internal.invokers.TestInvoker$MethodInvocationAgent.invoke(TestInvoker.java:945)<br> org.testng.internal.invokers.TestInvoker.invokeTestMethods(TestInvoker.java:193)<br> org.testng.internal.invokers.TestMethodWorker.invokeTestMethods(TestMethodWorker.java:146)<br> org.testng.internal.invokers.TestMethodWorker.run(TestMethodWorker.java:128)<br> java.base/java.util.ArrayList.forEach(ArrayList.java:1511)<br> org.testng.TestRunner.privateRun(TestRunner.java:808)<br> org.testng.TestRunner.run(TestRunner.java:603)<br> org.testng.SuiteRunner.runTest(SuiteRunner.java:429)<br> org.testng.SuiteRunner.runSequentially(SuiteRunner.java:423)<br> org.testng.SuiteRunner.privateRun(SuiteRunner.java:383)<br> org.testng.SuiteRunner.run(SuiteRunner.java:326)<br> org.testng.SuiteRunnerWorker.runSuite(SuiteRunnerWorker.java:52)<br> org.testng.SuiteRunnerWorker.run(SuiteRunnerWorker.java:95)<br> org.testng.TestNG.runSuitesSequentially(TestNG.java:1249)<br> org.testng.TestNG.runSuitesLocally(TestNG.java:1169)<br> org.testng.TestNG.runSuites(TestNG.java:1092)<br> org.testng.TestNG.run(TestNG.java:1060)<br> org.apache.maven.surefire.testng.TestNGExecutor.run(TestNGExecutor.java:295)<br> org.apache.maven.surefire.testng.TestNGXmlTestSuite.execute(TestNGXmlTestSuite.java:84)<br> org.apache.maven.surefire.testng.TestNGProvider.invoke(TestNGProvider.java:90)<br> org.apache.maven.surefire.booter.ForkedBooter.invokeProviderInSameClassLoader(ForkedBooter.java:203)<br> org.apache.maven.surefire.booter.ForkedBooter.runSuitesInProcess(ForkedBooter.java:155)<br> org.apache.maven.surefire.booter.ForkedBooter.main(ForkedBooter.java:103)]</details> 

        </td>
      </tr>
      <tr class="event-row">
        <td><span class="badge log fail-bg">Fail</span></td>
        <td>11:54:44 AM</td>
        <td>
          <b><font color=red>Screenshot of failure</font></b>
    <div class="row mb-3"><div class="col-md-3">
<img data-featherlight='FailedScreenShot.png' src="FailedScreenShot.png">
    
    </div></div>
        </td>
      </tr>
      <tr class="event-row">
        <td><span class="badge log fail-bg">Fail</span></td>
        <td>11:54:44 AM</td>
        <td>
          <span class='badge white-text red'>TEST CASE FAILED</span>
        </td>
      </tr>
  </tbody>
</table>
</div>
          </div>
        </li>
        <li class="test-item"  status="fail" test-id="21"
          author=""
          tag=""
          device="">
          <div class="test-detail">
            <p class="name">testCases.PopularPPts     @TestCase : checkResolutionForpopularPPts</p>
            <p class="text-sm">
              <span>11:54:45 AM</span> / <span>00:00:03:685</span>
              <span class="badge fail-bg log float-right">Fail</span>
            </p>
          </div>
          <div class="test-contents d-none">
<div class="detail-head">
<div class="p-v-10">
<div class="info">
<h5 class="test-status text-fail">testCases.PopularPPts @TestCase : checkResolutionForpopularPPts</h5>
<span class='badge badge-success'>07.07.2022 11:54:45 AM</span>
<span class='badge badge-danger'>07.07.2022 11:54:48 AM</span>
<span class='badge badge-default'>00:00:03:685</span>
&middot; <span class='uri-anchor badge badge-default'>#test-id=21</span>
<span class='badge badge-default pointer float-right ml-1 et'><i class="fa fa-chevron-down"></i></span>
<span class='badge badge-default pointer float-right ct'><i class="fa fa-chevron-up"></i></span>
</div>
</div>
</div><div class="detail-body mt-4">
<table class="table table-sm">
  <thead><tr><th class="status-col">Status</th><th class="timestamp-col">Timestamp</th><th class="details-col">Details</th></tr></thead>
  <tbody>
      <tr class="event-row">
        <td><span class="badge log fail-bg">Fail</span></td>
        <td>11:54:48 AM</td>
        <td>
          <details><summary><b><font color=red>Exception Occured:Click to see</font></b ></summary>[com.google.common.collect.CollectPreconditions.checkEntryNotNull(CollectPreconditions.java:33)<br> com.google.common.collect.SingletonImmutableBiMap.<init>(SingletonImmutableBiMap.java:43)<br> com.google.common.collect.ImmutableBiMap.of(ImmutableBiMap.java:81)<br> com.google.common.collect.ImmutableMap.of(ImmutableMap.java:126)<br> org.openqa.selenium.remote.RemoteWebDriver.get(RemoteWebDriver.java:277)<br> testCases.PopularPPts.checkResolutionForpopularPPts(PopularPPts.java:29)<br> java.base/jdk.internal.reflect.NativeMethodAccessorImpl.invoke0(Native Method)<br> java.base/jdk.internal.reflect.NativeMethodAccessorImpl.invoke(NativeMethodAccessorImpl.java:77)<br> java.base/jdk.internal.reflect.DelegatingMethodAccessorImpl.invoke(DelegatingMethodAccessorImpl.java:43)<br> java.base/java.lang.reflect.Method.invoke(Method.java:568)<br> org.testng.internal.invokers.MethodInvocationHelper.invokeMethod(MethodInvocationHelper.java:135)<br> org.testng.internal.invokers.TestInvoker.invokeMethod(TestInvoker.java:673)<br> org.testng.internal.invokers.TestInvoker.invokeTestMethod(TestInvoker.java:220)<br> org.testng.internal.invokers.MethodRunner.runInSequence(MethodRunner.java:50)<br> org.testng.internal.invokers.TestInvoker$MethodInvocationAgent.invoke(TestInvoker.java:945)<br> org.testng.internal.invokers.TestInvoker.invokeTestMethods(TestInvoker.java:193)<br> org.testng.internal.invokers.TestMethodWorker.invokeTestMethods(TestMethodWorker.java:146)<br> org.testng.internal.invokers.TestMethodWorker.run(TestMethodWorker.java:128)<br> java.base/java.util.ArrayList.forEach(ArrayList.java:1511)<br> org.testng.TestRunner.privateRun(TestRunner.java:808)<br> org.testng.TestRunner.run(TestRunner.java:603)<br> org.testng.SuiteRunner.runTest(SuiteRunner.java:429)<br> org.testng.SuiteRunner.runSequentially(SuiteRunner.java:423)<br> org.testng.SuiteRunner.privateRun(SuiteRunner.java:383)<br> org.testng.SuiteRunner.run(SuiteRunner.java:326)<br> org.testng.SuiteRunnerWorker.runSuite(SuiteRunnerWorker.java:52)<br> org.testng.SuiteRunnerWorker.run(SuiteRunnerWorker.java:95)<br> org.testng.TestNG.runSuitesSequentially(TestNG.java:1249)<br> org.testng.TestNG.runSuitesLocally(TestNG.java:1169)<br> org.testng.TestNG.runSuites(TestNG.java:1092)<br> org.testng.TestNG.run(TestNG.java:1060)<br> org.apache.maven.surefire.testng.TestNGExecutor.run(TestNGExecutor.java:295)<br> org.apache.maven.surefire.testng.TestNGXmlTestSuite.execute(TestNGXmlTestSuite.java:84)<br> org.apache.maven.surefire.testng.TestNGProvider.invoke(TestNGProvider.java:90)<br> org.apache.maven.surefire.booter.ForkedBooter.invokeProviderInSameClassLoader(ForkedBooter.java:203)<br> org.apache.maven.surefire.booter.ForkedBooter.runSuitesInProcess(ForkedBooter.java:155)<br> org.apache.maven.surefire.booter.ForkedBooter.main(ForkedBooter.java:103)]</details> 

        </td>
      </tr>
      <tr class="event-row">
        <td><span class="badge log fail-bg">Fail</span></td>
        <td>11:54:48 AM</td>
        <td>
          <b><font color=red>Screenshot of failure</font></b>
    <div class="row mb-3"><div class="col-md-3">
<img data-featherlight='FailedScreenShot.png' src="FailedScreenShot.png">
    
    </div></div>
        </td>
      </tr>
      <tr class="event-row">
        <td><span class="badge log fail-bg">Fail</span></td>
        <td>11:54:48 AM</td>
        <td>
          <span class='badge white-text red'>TEST CASE FAILED</span>
        </td>
      </tr>
  </tbody>
</table>
</div>
          </div>
        </li>
        <li class="test-item"  status="fail" test-id="22"
          author=""
          tag=""
          device="">
          <div class="test-detail">
            <p class="name">testCases.PopularPPts     @TestCase : checkResolutionForpopularPPts</p>
            <p class="text-sm">
              <span>11:54:49 AM</span> / <span>00:00:03:586</span>
              <span class="badge fail-bg log float-right">Fail</span>
            </p>
          </div>
          <div class="test-contents d-none">
<div class="detail-head">
<div class="p-v-10">
<div class="info">
<h5 class="test-status text-fail">testCases.PopularPPts @TestCase : checkResolutionForpopularPPts</h5>
<span class='badge badge-success'>07.07.2022 11:54:49 AM</span>
<span class='badge badge-danger'>07.07.2022 11:54:52 AM</span>
<span class='badge badge-default'>00:00:03:586</span>
&middot; <span class='uri-anchor badge badge-default'>#test-id=22</span>
<span class='badge badge-default pointer float-right ml-1 et'><i class="fa fa-chevron-down"></i></span>
<span class='badge badge-default pointer float-right ct'><i class="fa fa-chevron-up"></i></span>
</div>
</div>
</div><div class="detail-body mt-4">
<table class="table table-sm">
  <thead><tr><th class="status-col">Status</th><th class="timestamp-col">Timestamp</th><th class="details-col">Details</th></tr></thead>
  <tbody>
      <tr class="event-row">
        <td><span class="badge log fail-bg">Fail</span></td>
        <td>11:54:52 AM</td>
        <td>
          <details><summary><b><font color=red>Exception Occured:Click to see</font></b ></summary>[com.google.common.collect.CollectPreconditions.checkEntryNotNull(CollectPreconditions.java:33)<br> com.google.common.collect.SingletonImmutableBiMap.<init>(SingletonImmutableBiMap.java:43)<br> com.google.common.collect.ImmutableBiMap.of(ImmutableBiMap.java:81)<br> com.google.common.collect.ImmutableMap.of(ImmutableMap.java:126)<br> org.openqa.selenium.remote.RemoteWebDriver.get(RemoteWebDriver.java:277)<br> testCases.PopularPPts.checkResolutionForpopularPPts(PopularPPts.java:29)<br> java.base/jdk.internal.reflect.NativeMethodAccessorImpl.invoke0(Native Method)<br> java.base/jdk.internal.reflect.NativeMethodAccessorImpl.invoke(NativeMethodAccessorImpl.java:77)<br> java.base/jdk.internal.reflect.DelegatingMethodAccessorImpl.invoke(DelegatingMethodAccessorImpl.java:43)<br> java.base/java.lang.reflect.Method.invoke(Method.java:568)<br> org.testng.internal.invokers.MethodInvocationHelper.invokeMethod(MethodInvocationHelper.java:135)<br> org.testng.internal.invokers.TestInvoker.invokeMethod(TestInvoker.java:673)<br> org.testng.internal.invokers.TestInvoker.invokeTestMethod(TestInvoker.java:220)<br> org.testng.internal.invokers.MethodRunner.runInSequence(MethodRunner.java:50)<br> org.testng.internal.invokers.TestInvoker$MethodInvocationAgent.invoke(TestInvoker.java:945)<br> org.testng.internal.invokers.TestInvoker.invokeTestMethods(TestInvoker.java:193)<br> org.testng.internal.invokers.TestMethodWorker.invokeTestMethods(TestMethodWorker.java:146)<br> org.testng.internal.invokers.TestMethodWorker.run(TestMethodWorker.java:128)<br> java.base/java.util.ArrayList.forEach(ArrayList.java:1511)<br> org.testng.TestRunner.privateRun(TestRunner.java:808)<br> org.testng.TestRunner.run(TestRunner.java:603)<br> org.testng.SuiteRunner.runTest(SuiteRunner.java:429)<br> org.testng.SuiteRunner.runSequentially(SuiteRunner.java:423)<br> org.testng.SuiteRunner.privateRun(SuiteRunner.java:383)<br> org.testng.SuiteRunner.run(SuiteRunner.java:326)<br> org.testng.SuiteRunnerWorker.runSuite(SuiteRunnerWorker.java:52)<br> org.testng.SuiteRunnerWorker.run(SuiteRunnerWorker.java:95)<br> org.testng.TestNG.runSuitesSequentially(TestNG.java:1249)<br> org.testng.TestNG.runSuitesLocally(TestNG.java:1169)<br> org.testng.TestNG.runSuites(TestNG.java:1092)<br> org.testng.TestNG.run(TestNG.java:1060)<br> org.apache.maven.surefire.testng.TestNGExecutor.run(TestNGExecutor.java:295)<br> org.apache.maven.surefire.testng.TestNGXmlTestSuite.execute(TestNGXmlTestSuite.java:84)<br> org.apache.maven.surefire.testng.TestNGProvider.invoke(TestNGProvider.java:90)<br> org.apache.maven.surefire.booter.ForkedBooter.invokeProviderInSameClassLoader(ForkedBooter.java:203)<br> org.apache.maven.surefire.booter.ForkedBooter.runSuitesInProcess(ForkedBooter.java:155)<br> org.apache.maven.surefire.booter.ForkedBooter.main(ForkedBooter.java:103)]</details> 

        </td>
      </tr>
      <tr class="event-row">
        <td><span class="badge log fail-bg">Fail</span></td>
        <td>11:54:52 AM</td>
        <td>
          <b><font color=red>Screenshot of failure</font></b>
    <div class="row mb-3"><div class="col-md-3">
<img data-featherlight='FailedScreenShot.png' src="FailedScreenShot.png">
    
    </div></div>
        </td>
      </tr>
      <tr class="event-row">
        <td><span class="badge log fail-bg">Fail</span></td>
        <td>11:54:52 AM</td>
        <td>
          <span class='badge white-text red'>TEST CASE FAILED</span>
        </td>
      </tr>
  </tbody>
</table>
</div>
          </div>
        </li>
        <li class="test-item"  status="fail" test-id="23"
          author=""
          tag=""
          device="">
          <div class="test-detail">
            <p class="name">testCases.PopularPPts     @TestCase : checkResolutionForpopularPPts</p>
            <p class="text-sm">
              <span>11:54:53 AM</span> / <span>00:00:03:630</span>
              <span class="badge fail-bg log float-right">Fail</span>
            </p>
          </div>
          <div class="test-contents d-none">
<div class="detail-head">
<div class="p-v-10">
<div class="info">
<h5 class="test-status text-fail">testCases.PopularPPts @TestCase : checkResolutionForpopularPPts</h5>
<span class='badge badge-success'>07.07.2022 11:54:53 AM</span>
<span class='badge badge-danger'>07.07.2022 11:54:57 AM</span>
<span class='badge badge-default'>00:00:03:630</span>
&middot; <span class='uri-anchor badge badge-default'>#test-id=23</span>
<span class='badge badge-default pointer float-right ml-1 et'><i class="fa fa-chevron-down"></i></span>
<span class='badge badge-default pointer float-right ct'><i class="fa fa-chevron-up"></i></span>
</div>
</div>
</div><div class="detail-body mt-4">
<table class="table table-sm">
  <thead><tr><th class="status-col">Status</th><th class="timestamp-col">Timestamp</th><th class="details-col">Details</th></tr></thead>
  <tbody>
      <tr class="event-row">
        <td><span class="badge log fail-bg">Fail</span></td>
        <td>11:54:57 AM</td>
        <td>
          <details><summary><b><font color=red>Exception Occured:Click to see</font></b ></summary>[com.google.common.collect.CollectPreconditions.checkEntryNotNull(CollectPreconditions.java:33)<br> com.google.common.collect.SingletonImmutableBiMap.<init>(SingletonImmutableBiMap.java:43)<br> com.google.common.collect.ImmutableBiMap.of(ImmutableBiMap.java:81)<br> com.google.common.collect.ImmutableMap.of(ImmutableMap.java:126)<br> org.openqa.selenium.remote.RemoteWebDriver.get(RemoteWebDriver.java:277)<br> testCases.PopularPPts.checkResolutionForpopularPPts(PopularPPts.java:29)<br> java.base/jdk.internal.reflect.NativeMethodAccessorImpl.invoke0(Native Method)<br> java.base/jdk.internal.reflect.NativeMethodAccessorImpl.invoke(NativeMethodAccessorImpl.java:77)<br> java.base/jdk.internal.reflect.DelegatingMethodAccessorImpl.invoke(DelegatingMethodAccessorImpl.java:43)<br> java.base/java.lang.reflect.Method.invoke(Method.java:568)<br> org.testng.internal.invokers.MethodInvocationHelper.invokeMethod(MethodInvocationHelper.java:135)<br> org.testng.internal.invokers.TestInvoker.invokeMethod(TestInvoker.java:673)<br> org.testng.internal.invokers.TestInvoker.invokeTestMethod(TestInvoker.java:220)<br> org.testng.internal.invokers.MethodRunner.runInSequence(MethodRunner.java:50)<br> org.testng.internal.invokers.TestInvoker$MethodInvocationAgent.invoke(TestInvoker.java:945)<br> org.testng.internal.invokers.TestInvoker.invokeTestMethods(TestInvoker.java:193)<br> org.testng.internal.invokers.TestMethodWorker.invokeTestMethods(TestMethodWorker.java:146)<br> org.testng.internal.invokers.TestMethodWorker.run(TestMethodWorker.java:128)<br> java.base/java.util.ArrayList.forEach(ArrayList.java:1511)<br> org.testng.TestRunner.privateRun(TestRunner.java:808)<br> org.testng.TestRunner.run(TestRunner.java:603)<br> org.testng.SuiteRunner.runTest(SuiteRunner.java:429)<br> org.testng.SuiteRunner.runSequentially(SuiteRunner.java:423)<br> org.testng.SuiteRunner.privateRun(SuiteRunner.java:383)<br> org.testng.SuiteRunner.run(SuiteRunner.java:326)<br> org.testng.SuiteRunnerWorker.runSuite(SuiteRunnerWorker.java:52)<br> org.testng.SuiteRunnerWorker.run(SuiteRunnerWorker.java:95)<br> org.testng.TestNG.runSuitesSequentially(TestNG.java:1249)<br> org.testng.TestNG.runSuitesLocally(TestNG.java:1169)<br> org.testng.TestNG.runSuites(TestNG.java:1092)<br> org.testng.TestNG.run(TestNG.java:1060)<br> org.apache.maven.surefire.testng.TestNGExecutor.run(TestNGExecutor.java:295)<br> org.apache.maven.surefire.testng.TestNGXmlTestSuite.execute(TestNGXmlTestSuite.java:84)<br> org.apache.maven.surefire.testng.TestNGProvider.invoke(TestNGProvider.java:90)<br> org.apache.maven.surefire.booter.ForkedBooter.invokeProviderInSameClassLoader(ForkedBooter.java:203)<br> org.apache.maven.surefire.booter.ForkedBooter.runSuitesInProcess(ForkedBooter.java:155)<br> org.apache.maven.surefire.booter.ForkedBooter.main(ForkedBooter.java:103)]</details> 

        </td>
      </tr>
      <tr class="event-row">
        <td><span class="badge log fail-bg">Fail</span></td>
        <td>11:54:57 AM</td>
        <td>
          <b><font color=red>Screenshot of failure</font></b>
    <div class="row mb-3"><div class="col-md-3">
<img data-featherlight='FailedScreenShot.png' src="FailedScreenShot.png">
    
    </div></div>
        </td>
      </tr>
      <tr class="event-row">
        <td><span class="badge log fail-bg">Fail</span></td>
        <td>11:54:57 AM</td>
        <td>
          <span class='badge white-text red'>TEST CASE FAILED</span>
        </td>
      </tr>
  </tbody>
</table>
</div>
          </div>
        </li>
        <li class="test-item"  status="fail" test-id="24"
          author=""
          tag=""
          device="">
          <div class="test-detail">
            <p class="name">testCases.PopularPPts     @TestCase : checkResolutionForpopularPPts</p>
            <p class="text-sm">
              <span>11:54:57 AM</span> / <span>00:00:03:760</span>
              <span class="badge fail-bg log float-right">Fail</span>
            </p>
          </div>
          <div class="test-contents d-none">
<div class="detail-head">
<div class="p-v-10">
<div class="info">
<h5 class="test-status text-fail">testCases.PopularPPts @TestCase : checkResolutionForpopularPPts</h5>
<span class='badge badge-success'>07.07.2022 11:54:57 AM</span>
<span class='badge badge-danger'>07.07.2022 11:55:01 AM</span>
<span class='badge badge-default'>00:00:03:760</span>
&middot; <span class='uri-anchor badge badge-default'>#test-id=24</span>
<span class='badge badge-default pointer float-right ml-1 et'><i class="fa fa-chevron-down"></i></span>
<span class='badge badge-default pointer float-right ct'><i class="fa fa-chevron-up"></i></span>
</div>
</div>
</div><div class="detail-body mt-4">
<table class="table table-sm">
  <thead><tr><th class="status-col">Status</th><th class="timestamp-col">Timestamp</th><th class="details-col">Details</th></tr></thead>
  <tbody>
      <tr class="event-row">
        <td><span class="badge log fail-bg">Fail</span></td>
        <td>11:55:01 AM</td>
        <td>
          <details><summary><b><font color=red>Exception Occured:Click to see</font></b ></summary>[com.google.common.collect.CollectPreconditions.checkEntryNotNull(CollectPreconditions.java:33)<br> com.google.common.collect.SingletonImmutableBiMap.<init>(SingletonImmutableBiMap.java:43)<br> com.google.common.collect.ImmutableBiMap.of(ImmutableBiMap.java:81)<br> com.google.common.collect.ImmutableMap.of(ImmutableMap.java:126)<br> org.openqa.selenium.remote.RemoteWebDriver.get(RemoteWebDriver.java:277)<br> testCases.PopularPPts.checkResolutionForpopularPPts(PopularPPts.java:29)<br> java.base/jdk.internal.reflect.NativeMethodAccessorImpl.invoke0(Native Method)<br> java.base/jdk.internal.reflect.NativeMethodAccessorImpl.invoke(NativeMethodAccessorImpl.java:77)<br> java.base/jdk.internal.reflect.DelegatingMethodAccessorImpl.invoke(DelegatingMethodAccessorImpl.java:43)<br> java.base/java.lang.reflect.Method.invoke(Method.java:568)<br> org.testng.internal.invokers.MethodInvocationHelper.invokeMethod(MethodInvocationHelper.java:135)<br> org.testng.internal.invokers.TestInvoker.invokeMethod(TestInvoker.java:673)<br> org.testng.internal.invokers.TestInvoker.invokeTestMethod(TestInvoker.java:220)<br> org.testng.internal.invokers.MethodRunner.runInSequence(MethodRunner.java:50)<br> org.testng.internal.invokers.TestInvoker$MethodInvocationAgent.invoke(TestInvoker.java:945)<br> org.testng.internal.invokers.TestInvoker.invokeTestMethods(TestInvoker.java:193)<br> org.testng.internal.invokers.TestMethodWorker.invokeTestMethods(TestMethodWorker.java:146)<br> org.testng.internal.invokers.TestMethodWorker.run(TestMethodWorker.java:128)<br> java.base/java.util.ArrayList.forEach(ArrayList.java:1511)<br> org.testng.TestRunner.privateRun(TestRunner.java:808)<br> org.testng.TestRunner.run(TestRunner.java:603)<br> org.testng.SuiteRunner.runTest(SuiteRunner.java:429)<br> org.testng.SuiteRunner.runSequentially(SuiteRunner.java:423)<br> org.testng.SuiteRunner.privateRun(SuiteRunner.java:383)<br> org.testng.SuiteRunner.run(SuiteRunner.java:326)<br> org.testng.SuiteRunnerWorker.runSuite(SuiteRunnerWorker.java:52)<br> org.testng.SuiteRunnerWorker.run(SuiteRunnerWorker.java:95)<br> org.testng.TestNG.runSuitesSequentially(TestNG.java:1249)<br> org.testng.TestNG.runSuitesLocally(TestNG.java:1169)<br> org.testng.TestNG.runSuites(TestNG.java:1092)<br> org.testng.TestNG.run(TestNG.java:1060)<br> org.apache.maven.surefire.testng.TestNGExecutor.run(TestNGExecutor.java:295)<br> org.apache.maven.surefire.testng.TestNGXmlTestSuite.execute(TestNGXmlTestSuite.java:84)<br> org.apache.maven.surefire.testng.TestNGProvider.invoke(TestNGProvider.java:90)<br> org.apache.maven.surefire.booter.ForkedBooter.invokeProviderInSameClassLoader(ForkedBooter.java:203)<br> org.apache.maven.surefire.booter.ForkedBooter.runSuitesInProcess(ForkedBooter.java:155)<br> org.apache.maven.surefire.booter.ForkedBooter.main(ForkedBooter.java:103)]</details> 

        </td>
      </tr>
      <tr class="event-row">
        <td><span class="badge log fail-bg">Fail</span></td>
        <td>11:55:01 AM</td>
        <td>
          <b><font color=red>Screenshot of failure</font></b>
    <div class="row mb-3"><div class="col-md-3">
<img data-featherlight='FailedScreenShot.png' src="FailedScreenShot.png">
    
    </div></div>
        </td>
      </tr>
      <tr class="event-row">
        <td><span class="badge log fail-bg">Fail</span></td>
        <td>11:55:01 AM</td>
        <td>
          <span class='badge white-text red'>TEST CASE FAILED</span>
        </td>
      </tr>
  </tbody>
</table>
</div>
          </div>
        </li>
        <li class="test-item"  status="fail" test-id="25"
          author=""
          tag=""
          device="">
          <div class="test-detail">
            <p class="name">testCases.SliPages     @TestCase : checkResolutionForSliPages</p>
            <p class="text-sm">
              <span>11:55:01 AM</span> / <span>00:00:03:661</span>
              <span class="badge fail-bg log float-right">Fail</span>
            </p>
          </div>
          <div class="test-contents d-none">
<div class="detail-head">
<div class="p-v-10">
<div class="info">
<h5 class="test-status text-fail">testCases.SliPages @TestCase : checkResolutionForSliPages</h5>
<span class='badge badge-success'>07.07.2022 11:55:01 AM</span>
<span class='badge badge-danger'>07.07.2022 11:55:05 AM</span>
<span class='badge badge-default'>00:00:03:661</span>
&middot; <span class='uri-anchor badge badge-default'>#test-id=25</span>
<span class='badge badge-default pointer float-right ml-1 et'><i class="fa fa-chevron-down"></i></span>
<span class='badge badge-default pointer float-right ct'><i class="fa fa-chevron-up"></i></span>
</div>
</div>
</div><div class="detail-body mt-4">
<table class="table table-sm">
  <thead><tr><th class="status-col">Status</th><th class="timestamp-col">Timestamp</th><th class="details-col">Details</th></tr></thead>
  <tbody>
      <tr class="event-row">
        <td><span class="badge log fail-bg">Fail</span></td>
        <td>11:55:05 AM</td>
        <td>
          <details><summary><b><font color=red>Exception Occured:Click to see</font></b ></summary>[com.google.common.collect.CollectPreconditions.checkEntryNotNull(CollectPreconditions.java:33)<br> com.google.common.collect.SingletonImmutableBiMap.<init>(SingletonImmutableBiMap.java:43)<br> com.google.common.collect.ImmutableBiMap.of(ImmutableBiMap.java:81)<br> com.google.common.collect.ImmutableMap.of(ImmutableMap.java:126)<br> org.openqa.selenium.remote.RemoteWebDriver.get(RemoteWebDriver.java:277)<br> testCases.SliPages.checkResolutionForSliPages(SliPages.java:22)<br> java.base/jdk.internal.reflect.NativeMethodAccessorImpl.invoke0(Native Method)<br> java.base/jdk.internal.reflect.NativeMethodAccessorImpl.invoke(NativeMethodAccessorImpl.java:77)<br> java.base/jdk.internal.reflect.DelegatingMethodAccessorImpl.invoke(DelegatingMethodAccessorImpl.java:43)<br> java.base/java.lang.reflect.Method.invoke(Method.java:568)<br> org.testng.internal.invokers.MethodInvocationHelper.invokeMethod(MethodInvocationHelper.java:135)<br> org.testng.internal.invokers.TestInvoker.invokeMethod(TestInvoker.java:673)<br> org.testng.internal.invokers.TestInvoker.invokeTestMethod(TestInvoker.java:220)<br> org.testng.internal.invokers.MethodRunner.runInSequence(MethodRunner.java:50)<br> org.testng.internal.invokers.TestInvoker$MethodInvocationAgent.invoke(TestInvoker.java:945)<br> org.testng.internal.invokers.TestInvoker.invokeTestMethods(TestInvoker.java:193)<br> org.testng.internal.invokers.TestMethodWorker.invokeTestMethods(TestMethodWorker.java:146)<br> org.testng.internal.invokers.TestMethodWorker.run(TestMethodWorker.java:128)<br> java.base/java.util.ArrayList.forEach(ArrayList.java:1511)<br> org.testng.TestRunner.privateRun(TestRunner.java:808)<br> org.testng.TestRunner.run(TestRunner.java:603)<br> org.testng.SuiteRunner.runTest(SuiteRunner.java:429)<br> org.testng.SuiteRunner.runSequentially(SuiteRunner.java:423)<br> org.testng.SuiteRunner.privateRun(SuiteRunner.java:383)<br> org.testng.SuiteRunner.run(SuiteRunner.java:326)<br> org.testng.SuiteRunnerWorker.runSuite(SuiteRunnerWorker.java:52)<br> org.testng.SuiteRunnerWorker.run(SuiteRunnerWorker.java:95)<br> org.testng.TestNG.runSuitesSequentially(TestNG.java:1249)<br> org.testng.TestNG.runSuitesLocally(TestNG.java:1169)<br> org.testng.TestNG.runSuites(TestNG.java:1092)<br> org.testng.TestNG.run(TestNG.java:1060)<br> org.apache.maven.surefire.testng.TestNGExecutor.run(TestNGExecutor.java:295)<br> org.apache.maven.surefire.testng.TestNGXmlTestSuite.execute(TestNGXmlTestSuite.java:84)<br> org.apache.maven.surefire.testng.TestNGProvider.invoke(TestNGProvider.java:90)<br> org.apache.maven.surefire.booter.ForkedBooter.invokeProviderInSameClassLoader(ForkedBooter.java:203)<br> org.apache.maven.surefire.booter.ForkedBooter.runSuitesInProcess(ForkedBooter.java:155)<br> org.apache.maven.surefire.booter.ForkedBooter.main(ForkedBooter.java:103)]</details> 

        </td>
      </tr>
      <tr class="event-row">
        <td><span class="badge log fail-bg">Fail</span></td>
        <td>11:55:05 AM</td>
        <td>
          <b><font color=red>Screenshot of failure</font></b>
    <div class="row mb-3"><div class="col-md-3">
<img data-featherlight='FailedScreenShot.png' src="FailedScreenShot.png">
    
    </div></div>
        </td>
      </tr>
      <tr class="event-row">
        <td><span class="badge log fail-bg">Fail</span></td>
        <td>11:55:05 AM</td>
        <td>
          <span class='badge white-text red'>TEST CASE FAILED</span>
        </td>
      </tr>
  </tbody>
</table>
</div>
          </div>
        </li>
        <li class="test-item"  status="fail" test-id="26"
          author=""
          tag=""
          device="">
          <div class="test-detail">
            <p class="name">testCases.SliPages     @TestCase : checkResolutionForSliPages</p>
            <p class="text-sm">
              <span>11:55:06 AM</span> / <span>00:00:03:656</span>
              <span class="badge fail-bg log float-right">Fail</span>
            </p>
          </div>
          <div class="test-contents d-none">
<div class="detail-head">
<div class="p-v-10">
<div class="info">
<h5 class="test-status text-fail">testCases.SliPages @TestCase : checkResolutionForSliPages</h5>
<span class='badge badge-success'>07.07.2022 11:55:06 AM</span>
<span class='badge badge-danger'>07.07.2022 11:55:09 AM</span>
<span class='badge badge-default'>00:00:03:656</span>
&middot; <span class='uri-anchor badge badge-default'>#test-id=26</span>
<span class='badge badge-default pointer float-right ml-1 et'><i class="fa fa-chevron-down"></i></span>
<span class='badge badge-default pointer float-right ct'><i class="fa fa-chevron-up"></i></span>
</div>
</div>
</div><div class="detail-body mt-4">
<table class="table table-sm">
  <thead><tr><th class="status-col">Status</th><th class="timestamp-col">Timestamp</th><th class="details-col">Details</th></tr></thead>
  <tbody>
      <tr class="event-row">
        <td><span class="badge log fail-bg">Fail</span></td>
        <td>11:55:09 AM</td>
        <td>
          <details><summary><b><font color=red>Exception Occured:Click to see</font></b ></summary>[com.google.common.collect.CollectPreconditions.checkEntryNotNull(CollectPreconditions.java:33)<br> com.google.common.collect.SingletonImmutableBiMap.<init>(SingletonImmutableBiMap.java:43)<br> com.google.common.collect.ImmutableBiMap.of(ImmutableBiMap.java:81)<br> com.google.common.collect.ImmutableMap.of(ImmutableMap.java:126)<br> org.openqa.selenium.remote.RemoteWebDriver.get(RemoteWebDriver.java:277)<br> testCases.SliPages.checkResolutionForSliPages(SliPages.java:22)<br> java.base/jdk.internal.reflect.NativeMethodAccessorImpl.invoke0(Native Method)<br> java.base/jdk.internal.reflect.NativeMethodAccessorImpl.invoke(NativeMethodAccessorImpl.java:77)<br> java.base/jdk.internal.reflect.DelegatingMethodAccessorImpl.invoke(DelegatingMethodAccessorImpl.java:43)<br> java.base/java.lang.reflect.Method.invoke(Method.java:568)<br> org.testng.internal.invokers.MethodInvocationHelper.invokeMethod(MethodInvocationHelper.java:135)<br> org.testng.internal.invokers.TestInvoker.invokeMethod(TestInvoker.java:673)<br> org.testng.internal.invokers.TestInvoker.invokeTestMethod(TestInvoker.java:220)<br> org.testng.internal.invokers.MethodRunner.runInSequence(MethodRunner.java:50)<br> org.testng.internal.invokers.TestInvoker$MethodInvocationAgent.invoke(TestInvoker.java:945)<br> org.testng.internal.invokers.TestInvoker.invokeTestMethods(TestInvoker.java:193)<br> org.testng.internal.invokers.TestMethodWorker.invokeTestMethods(TestMethodWorker.java:146)<br> org.testng.internal.invokers.TestMethodWorker.run(TestMethodWorker.java:128)<br> java.base/java.util.ArrayList.forEach(ArrayList.java:1511)<br> org.testng.TestRunner.privateRun(TestRunner.java:808)<br> org.testng.TestRunner.run(TestRunner.java:603)<br> org.testng.SuiteRunner.runTest(SuiteRunner.java:429)<br> org.testng.SuiteRunner.runSequentially(SuiteRunner.java:423)<br> org.testng.SuiteRunner.privateRun(SuiteRunner.java:383)<br> org.testng.SuiteRunner.run(SuiteRunner.java:326)<br> org.testng.SuiteRunnerWorker.runSuite(SuiteRunnerWorker.java:52)<br> org.testng.SuiteRunnerWorker.run(SuiteRunnerWorker.java:95)<br> org.testng.TestNG.runSuitesSequentially(TestNG.java:1249)<br> org.testng.TestNG.runSuitesLocally(TestNG.java:1169)<br> org.testng.TestNG.runSuites(TestNG.java:1092)<br> org.testng.TestNG.run(TestNG.java:1060)<br> org.apache.maven.surefire.testng.TestNGExecutor.run(TestNGExecutor.java:295)<br> org.apache.maven.surefire.testng.TestNGXmlTestSuite.execute(TestNGXmlTestSuite.java:84)<br> org.apache.maven.surefire.testng.TestNGProvider.invoke(TestNGProvider.java:90)<br> org.apache.maven.surefire.booter.ForkedBooter.invokeProviderInSameClassLoader(ForkedBooter.java:203)<br> org.apache.maven.surefire.booter.ForkedBooter.runSuitesInProcess(ForkedBooter.java:155)<br> org.apache.maven.surefire.booter.ForkedBooter.main(ForkedBooter.java:103)]</details> 

        </td>
      </tr>
      <tr class="event-row">
        <td><span class="badge log fail-bg">Fail</span></td>
        <td>11:55:09 AM</td>
        <td>
          <b><font color=red>Screenshot of failure</font></b>
    <div class="row mb-3"><div class="col-md-3">
<img data-featherlight='FailedScreenShot.png' src="FailedScreenShot.png">
    
    </div></div>
        </td>
      </tr>
      <tr class="event-row">
        <td><span class="badge log fail-bg">Fail</span></td>
        <td>11:55:09 AM</td>
        <td>
          <span class='badge white-text red'>TEST CASE FAILED</span>
        </td>
      </tr>
  </tbody>
</table>
</div>
          </div>
        </li>
        <li class="test-item"  status="fail" test-id="27"
          author=""
          tag=""
          device="">
          <div class="test-detail">
            <p class="name">testCases.SliPages     @TestCase : checkResolutionForSliPages</p>
            <p class="text-sm">
              <span>11:55:10 AM</span> / <span>00:00:03:742</span>
              <span class="badge fail-bg log float-right">Fail</span>
            </p>
          </div>
          <div class="test-contents d-none">
<div class="detail-head">
<div class="p-v-10">
<div class="info">
<h5 class="test-status text-fail">testCases.SliPages @TestCase : checkResolutionForSliPages</h5>
<span class='badge badge-success'>07.07.2022 11:55:10 AM</span>
<span class='badge badge-danger'>07.07.2022 11:55:14 AM</span>
<span class='badge badge-default'>00:00:03:742</span>
&middot; <span class='uri-anchor badge badge-default'>#test-id=27</span>
<span class='badge badge-default pointer float-right ml-1 et'><i class="fa fa-chevron-down"></i></span>
<span class='badge badge-default pointer float-right ct'><i class="fa fa-chevron-up"></i></span>
</div>
</div>
</div><div class="detail-body mt-4">
<table class="table table-sm">
  <thead><tr><th class="status-col">Status</th><th class="timestamp-col">Timestamp</th><th class="details-col">Details</th></tr></thead>
  <tbody>
      <tr class="event-row">
        <td><span class="badge log fail-bg">Fail</span></td>
        <td>11:55:14 AM</td>
        <td>
          <details><summary><b><font color=red>Exception Occured:Click to see</font></b ></summary>[com.google.common.collect.CollectPreconditions.checkEntryNotNull(CollectPreconditions.java:33)<br> com.google.common.collect.SingletonImmutableBiMap.<init>(SingletonImmutableBiMap.java:43)<br> com.google.common.collect.ImmutableBiMap.of(ImmutableBiMap.java:81)<br> com.google.common.collect.ImmutableMap.of(ImmutableMap.java:126)<br> org.openqa.selenium.remote.RemoteWebDriver.get(RemoteWebDriver.java:277)<br> testCases.SliPages.checkResolutionForSliPages(SliPages.java:22)<br> java.base/jdk.internal.reflect.NativeMethodAccessorImpl.invoke0(Native Method)<br> java.base/jdk.internal.reflect.NativeMethodAccessorImpl.invoke(NativeMethodAccessorImpl.java:77)<br> java.base/jdk.internal.reflect.DelegatingMethodAccessorImpl.invoke(DelegatingMethodAccessorImpl.java:43)<br> java.base/java.lang.reflect.Method.invoke(Method.java:568)<br> org.testng.internal.invokers.MethodInvocationHelper.invokeMethod(MethodInvocationHelper.java:135)<br> org.testng.internal.invokers.TestInvoker.invokeMethod(TestInvoker.java:673)<br> org.testng.internal.invokers.TestInvoker.invokeTestMethod(TestInvoker.java:220)<br> org.testng.internal.invokers.MethodRunner.runInSequence(MethodRunner.java:50)<br> org.testng.internal.invokers.TestInvoker$MethodInvocationAgent.invoke(TestInvoker.java:945)<br> org.testng.internal.invokers.TestInvoker.invokeTestMethods(TestInvoker.java:193)<br> org.testng.internal.invokers.TestMethodWorker.invokeTestMethods(TestMethodWorker.java:146)<br> org.testng.internal.invokers.TestMethodWorker.run(TestMethodWorker.java:128)<br> java.base/java.util.ArrayList.forEach(ArrayList.java:1511)<br> org.testng.TestRunner.privateRun(TestRunner.java:808)<br> org.testng.TestRunner.run(TestRunner.java:603)<br> org.testng.SuiteRunner.runTest(SuiteRunner.java:429)<br> org.testng.SuiteRunner.runSequentially(SuiteRunner.java:423)<br> org.testng.SuiteRunner.privateRun(SuiteRunner.java:383)<br> org.testng.SuiteRunner.run(SuiteRunner.java:326)<br> org.testng.SuiteRunnerWorker.runSuite(SuiteRunnerWorker.java:52)<br> org.testng.SuiteRunnerWorker.run(SuiteRunnerWorker.java:95)<br> org.testng.TestNG.runSuitesSequentially(TestNG.java:1249)<br> org.testng.TestNG.runSuitesLocally(TestNG.java:1169)<br> org.testng.TestNG.runSuites(TestNG.java:1092)<br> org.testng.TestNG.run(TestNG.java:1060)<br> org.apache.maven.surefire.testng.TestNGExecutor.run(TestNGExecutor.java:295)<br> org.apache.maven.surefire.testng.TestNGXmlTestSuite.execute(TestNGXmlTestSuite.java:84)<br> org.apache.maven.surefire.testng.TestNGProvider.invoke(TestNGProvider.java:90)<br> org.apache.maven.surefire.booter.ForkedBooter.invokeProviderInSameClassLoader(ForkedBooter.java:203)<br> org.apache.maven.surefire.booter.ForkedBooter.runSuitesInProcess(ForkedBooter.java:155)<br> org.apache.maven.surefire.booter.ForkedBooter.main(ForkedBooter.java:103)]</details> 

        </td>
      </tr>
      <tr class="event-row">
        <td><span class="badge log fail-bg">Fail</span></td>
        <td>11:55:14 AM</td>
        <td>
          <b><font color=red>Screenshot of failure</font></b>
    <div class="row mb-3"><div class="col-md-3">
<img data-featherlight='FailedScreenShot.png' src="FailedScreenShot.png">
    
    </div></div>
        </td>
      </tr>
      <tr class="event-row">
        <td><span class="badge log fail-bg">Fail</span></td>
        <td>11:55:14 AM</td>
        <td>
          <span class='badge white-text red'>TEST CASE FAILED</span>
        </td>
      </tr>
  </tbody>
</table>
</div>
          </div>
        </li>
        <li class="test-item"  status="fail" test-id="28"
          author=""
          tag=""
          device="">
          <div class="test-detail">
            <p class="name">testCases.SliPages     @TestCase : checkResolutionForSliPages</p>
            <p class="text-sm">
              <span>11:55:14 AM</span> / <span>00:00:03:833</span>
              <span class="badge fail-bg log float-right">Fail</span>
            </p>
          </div>
          <div class="test-contents d-none">
<div class="detail-head">
<div class="p-v-10">
<div class="info">
<h5 class="test-status text-fail">testCases.SliPages @TestCase : checkResolutionForSliPages</h5>
<span class='badge badge-success'>07.07.2022 11:55:14 AM</span>
<span class='badge badge-danger'>07.07.2022 11:55:18 AM</span>
<span class='badge badge-default'>00:00:03:833</span>
&middot; <span class='uri-anchor badge badge-default'>#test-id=28</span>
<span class='badge badge-default pointer float-right ml-1 et'><i class="fa fa-chevron-down"></i></span>
<span class='badge badge-default pointer float-right ct'><i class="fa fa-chevron-up"></i></span>
</div>
</div>
</div><div class="detail-body mt-4">
<table class="table table-sm">
  <thead><tr><th class="status-col">Status</th><th class="timestamp-col">Timestamp</th><th class="details-col">Details</th></tr></thead>
  <tbody>
      <tr class="event-row">
        <td><span class="badge log fail-bg">Fail</span></td>
        <td>11:55:18 AM</td>
        <td>
          <details><summary><b><font color=red>Exception Occured:Click to see</font></b ></summary>[com.google.common.collect.CollectPreconditions.checkEntryNotNull(CollectPreconditions.java:33)<br> com.google.common.collect.SingletonImmutableBiMap.<init>(SingletonImmutableBiMap.java:43)<br> com.google.common.collect.ImmutableBiMap.of(ImmutableBiMap.java:81)<br> com.google.common.collect.ImmutableMap.of(ImmutableMap.java:126)<br> org.openqa.selenium.remote.RemoteWebDriver.get(RemoteWebDriver.java:277)<br> testCases.SliPages.checkResolutionForSliPages(SliPages.java:22)<br> java.base/jdk.internal.reflect.NativeMethodAccessorImpl.invoke0(Native Method)<br> java.base/jdk.internal.reflect.NativeMethodAccessorImpl.invoke(NativeMethodAccessorImpl.java:77)<br> java.base/jdk.internal.reflect.DelegatingMethodAccessorImpl.invoke(DelegatingMethodAccessorImpl.java:43)<br> java.base/java.lang.reflect.Method.invoke(Method.java:568)<br> org.testng.internal.invokers.MethodInvocationHelper.invokeMethod(MethodInvocationHelper.java:135)<br> org.testng.internal.invokers.TestInvoker.invokeMethod(TestInvoker.java:673)<br> org.testng.internal.invokers.TestInvoker.invokeTestMethod(TestInvoker.java:220)<br> org.testng.internal.invokers.MethodRunner.runInSequence(MethodRunner.java:50)<br> org.testng.internal.invokers.TestInvoker$MethodInvocationAgent.invoke(TestInvoker.java:945)<br> org.testng.internal.invokers.TestInvoker.invokeTestMethods(TestInvoker.java:193)<br> org.testng.internal.invokers.TestMethodWorker.invokeTestMethods(TestMethodWorker.java:146)<br> org.testng.internal.invokers.TestMethodWorker.run(TestMethodWorker.java:128)<br> java.base/java.util.ArrayList.forEach(ArrayList.java:1511)<br> org.testng.TestRunner.privateRun(TestRunner.java:808)<br> org.testng.TestRunner.run(TestRunner.java:603)<br> org.testng.SuiteRunner.runTest(SuiteRunner.java:429)<br> org.testng.SuiteRunner.runSequentially(SuiteRunner.java:423)<br> org.testng.SuiteRunner.privateRun(SuiteRunner.java:383)<br> org.testng.SuiteRunner.run(SuiteRunner.java:326)<br> org.testng.SuiteRunnerWorker.runSuite(SuiteRunnerWorker.java:52)<br> org.testng.SuiteRunnerWorker.run(SuiteRunnerWorker.java:95)<br> org.testng.TestNG.runSuitesSequentially(TestNG.java:1249)<br> org.testng.TestNG.runSuitesLocally(TestNG.java:1169)<br> org.testng.TestNG.runSuites(TestNG.java:1092)<br> org.testng.TestNG.run(TestNG.java:1060)<br> org.apache.maven.surefire.testng.TestNGExecutor.run(TestNGExecutor.java:295)<br> org.apache.maven.surefire.testng.TestNGXmlTestSuite.execute(TestNGXmlTestSuite.java:84)<br> org.apache.maven.surefire.testng.TestNGProvider.invoke(TestNGProvider.java:90)<br> org.apache.maven.surefire.booter.ForkedBooter.invokeProviderInSameClassLoader(ForkedBooter.java:203)<br> org.apache.maven.surefire.booter.ForkedBooter.runSuitesInProcess(ForkedBooter.java:155)<br> org.apache.maven.surefire.booter.ForkedBooter.main(ForkedBooter.java:103)]</details> 

        </td>
      </tr>
      <tr class="event-row">
        <td><span class="badge log fail-bg">Fail</span></td>
        <td>11:55:18 AM</td>
        <td>
          <b><font color=red>Screenshot of failure</font></b>
    <div class="row mb-3"><div class="col-md-3">
<img data-featherlight='FailedScreenShot.png' src="FailedScreenShot.png">
    
    </div></div>
        </td>
      </tr>
      <tr class="event-row">
        <td><span class="badge log fail-bg">Fail</span></td>
        <td>11:55:18 AM</td>
        <td>
          <span class='badge white-text red'>TEST CASE FAILED</span>
        </td>
      </tr>
  </tbody>
</table>
</div>
          </div>
        </li>
        <li class="test-item"  status="fail" test-id="29"
          author=""
          tag=""
          device="">
          <div class="test-detail">
            <p class="name">testCases.SliPages     @TestCase : checkResolutionForSliPages</p>
            <p class="text-sm">
              <span>11:55:19 AM</span> / <span>00:00:04:027</span>
              <span class="badge fail-bg log float-right">Fail</span>
            </p>
          </div>
          <div class="test-contents d-none">
<div class="detail-head">
<div class="p-v-10">
<div class="info">
<h5 class="test-status text-fail">testCases.SliPages @TestCase : checkResolutionForSliPages</h5>
<span class='badge badge-success'>07.07.2022 11:55:19 AM</span>
<span class='badge badge-danger'>07.07.2022 11:55:23 AM</span>
<span class='badge badge-default'>00:00:04:027</span>
&middot; <span class='uri-anchor badge badge-default'>#test-id=29</span>
<span class='badge badge-default pointer float-right ml-1 et'><i class="fa fa-chevron-down"></i></span>
<span class='badge badge-default pointer float-right ct'><i class="fa fa-chevron-up"></i></span>
</div>
</div>
</div><div class="detail-body mt-4">
<table class="table table-sm">
  <thead><tr><th class="status-col">Status</th><th class="timestamp-col">Timestamp</th><th class="details-col">Details</th></tr></thead>
  <tbody>
      <tr class="event-row">
        <td><span class="badge log fail-bg">Fail</span></td>
        <td>11:55:23 AM</td>
        <td>
          <details><summary><b><font color=red>Exception Occured:Click to see</font></b ></summary>[com.google.common.collect.CollectPreconditions.checkEntryNotNull(CollectPreconditions.java:33)<br> com.google.common.collect.SingletonImmutableBiMap.<init>(SingletonImmutableBiMap.java:43)<br> com.google.common.collect.ImmutableBiMap.of(ImmutableBiMap.java:81)<br> com.google.common.collect.ImmutableMap.of(ImmutableMap.java:126)<br> org.openqa.selenium.remote.RemoteWebDriver.get(RemoteWebDriver.java:277)<br> testCases.SliPages.checkResolutionForSliPages(SliPages.java:22)<br> java.base/jdk.internal.reflect.NativeMethodAccessorImpl.invoke0(Native Method)<br> java.base/jdk.internal.reflect.NativeMethodAccessorImpl.invoke(NativeMethodAccessorImpl.java:77)<br> java.base/jdk.internal.reflect.DelegatingMethodAccessorImpl.invoke(DelegatingMethodAccessorImpl.java:43)<br> java.base/java.lang.reflect.Method.invoke(Method.java:568)<br> org.testng.internal.invokers.MethodInvocationHelper.invokeMethod(MethodInvocationHelper.java:135)<br> org.testng.internal.invokers.TestInvoker.invokeMethod(TestInvoker.java:673)<br> org.testng.internal.invokers.TestInvoker.invokeTestMethod(TestInvoker.java:220)<br> org.testng.internal.invokers.MethodRunner.runInSequence(MethodRunner.java:50)<br> org.testng.internal.invokers.TestInvoker$MethodInvocationAgent.invoke(TestInvoker.java:945)<br> org.testng.internal.invokers.TestInvoker.invokeTestMethods(TestInvoker.java:193)<br> org.testng.internal.invokers.TestMethodWorker.invokeTestMethods(TestMethodWorker.java:146)<br> org.testng.internal.invokers.TestMethodWorker.run(TestMethodWorker.java:128)<br> java.base/java.util.ArrayList.forEach(ArrayList.java:1511)<br> org.testng.TestRunner.privateRun(TestRunner.java:808)<br> org.testng.TestRunner.run(TestRunner.java:603)<br> org.testng.SuiteRunner.runTest(SuiteRunner.java:429)<br> org.testng.SuiteRunner.runSequentially(SuiteRunner.java:423)<br> org.testng.SuiteRunner.privateRun(SuiteRunner.java:383)<br> org.testng.SuiteRunner.run(SuiteRunner.java:326)<br> org.testng.SuiteRunnerWorker.runSuite(SuiteRunnerWorker.java:52)<br> org.testng.SuiteRunnerWorker.run(SuiteRunnerWorker.java:95)<br> org.testng.TestNG.runSuitesSequentially(TestNG.java:1249)<br> org.testng.TestNG.runSuitesLocally(TestNG.java:1169)<br> org.testng.TestNG.runSuites(TestNG.java:1092)<br> org.testng.TestNG.run(TestNG.java:1060)<br> org.apache.maven.surefire.testng.TestNGExecutor.run(TestNGExecutor.java:295)<br> org.apache.maven.surefire.testng.TestNGXmlTestSuite.execute(TestNGXmlTestSuite.java:84)<br> org.apache.maven.surefire.testng.TestNGProvider.invoke(TestNGProvider.java:90)<br> org.apache.maven.surefire.booter.ForkedBooter.invokeProviderInSameClassLoader(ForkedBooter.java:203)<br> org.apache.maven.surefire.booter.ForkedBooter.runSuitesInProcess(ForkedBooter.java:155)<br> org.apache.maven.surefire.booter.ForkedBooter.main(ForkedBooter.java:103)]</details> 

        </td>
      </tr>
      <tr class="event-row">
        <td><span class="badge log fail-bg">Fail</span></td>
        <td>11:55:23 AM</td>
        <td>
          <b><font color=red>Screenshot of failure</font></b>
    <div class="row mb-3"><div class="col-md-3">
<img data-featherlight='FailedScreenShot.png' src="FailedScreenShot.png">
    
    </div></div>
        </td>
      </tr>
      <tr class="event-row">
        <td><span class="badge log fail-bg">Fail</span></td>
        <td>11:55:23 AM</td>
        <td>
          <span class='badge white-text red'>TEST CASE FAILED</span>
        </td>
      </tr>
  </tbody>
</table>
</div>
          </div>
        </li>
        <li class="test-item"  status="fail" test-id="30"
          author=""
          tag=""
          device="">
          <div class="test-detail">
            <p class="name">testCases.SliPages     @TestCase : checkResolutionForSliPages</p>
            <p class="text-sm">
              <span>11:55:23 AM</span> / <span>00:00:03:908</span>
              <span class="badge fail-bg log float-right">Fail</span>
            </p>
          </div>
          <div class="test-contents d-none">
<div class="detail-head">
<div class="p-v-10">
<div class="info">
<h5 class="test-status text-fail">testCases.SliPages @TestCase : checkResolutionForSliPages</h5>
<span class='badge badge-success'>07.07.2022 11:55:23 AM</span>
<span class='badge badge-danger'>07.07.2022 11:55:27 AM</span>
<span class='badge badge-default'>00:00:03:908</span>
&middot; <span class='uri-anchor badge badge-default'>#test-id=30</span>
<span class='badge badge-default pointer float-right ml-1 et'><i class="fa fa-chevron-down"></i></span>
<span class='badge badge-default pointer float-right ct'><i class="fa fa-chevron-up"></i></span>
</div>
</div>
</div><div class="detail-body mt-4">
<table class="table table-sm">
  <thead><tr><th class="status-col">Status</th><th class="timestamp-col">Timestamp</th><th class="details-col">Details</th></tr></thead>
  <tbody>
      <tr class="event-row">
        <td><span class="badge log fail-bg">Fail</span></td>
        <td>11:55:27 AM</td>
        <td>
          <details><summary><b><font color=red>Exception Occured:Click to see</font></b ></summary>[com.google.common.collect.CollectPreconditions.checkEntryNotNull(CollectPreconditions.java:33)<br> com.google.common.collect.SingletonImmutableBiMap.<init>(SingletonImmutableBiMap.java:43)<br> com.google.common.collect.ImmutableBiMap.of(ImmutableBiMap.java:81)<br> com.google.common.collect.ImmutableMap.of(ImmutableMap.java:126)<br> org.openqa.selenium.remote.RemoteWebDriver.get(RemoteWebDriver.java:277)<br> testCases.SliPages.checkResolutionForSliPages(SliPages.java:22)<br> java.base/jdk.internal.reflect.NativeMethodAccessorImpl.invoke0(Native Method)<br> java.base/jdk.internal.reflect.NativeMethodAccessorImpl.invoke(NativeMethodAccessorImpl.java:77)<br> java.base/jdk.internal.reflect.DelegatingMethodAccessorImpl.invoke(DelegatingMethodAccessorImpl.java:43)<br> java.base/java.lang.reflect.Method.invoke(Method.java:568)<br> org.testng.internal.invokers.MethodInvocationHelper.invokeMethod(MethodInvocationHelper.java:135)<br> org.testng.internal.invokers.TestInvoker.invokeMethod(TestInvoker.java:673)<br> org.testng.internal.invokers.TestInvoker.invokeTestMethod(TestInvoker.java:220)<br> org.testng.internal.invokers.MethodRunner.runInSequence(MethodRunner.java:50)<br> org.testng.internal.invokers.TestInvoker$MethodInvocationAgent.invoke(TestInvoker.java:945)<br> org.testng.internal.invokers.TestInvoker.invokeTestMethods(TestInvoker.java:193)<br> org.testng.internal.invokers.TestMethodWorker.invokeTestMethods(TestMethodWorker.java:146)<br> org.testng.internal.invokers.TestMethodWorker.run(TestMethodWorker.java:128)<br> java.base/java.util.ArrayList.forEach(ArrayList.java:1511)<br> org.testng.TestRunner.privateRun(TestRunner.java:808)<br> org.testng.TestRunner.run(TestRunner.java:603)<br> org.testng.SuiteRunner.runTest(SuiteRunner.java:429)<br> org.testng.SuiteRunner.runSequentially(SuiteRunner.java:423)<br> org.testng.SuiteRunner.privateRun(SuiteRunner.java:383)<br> org.testng.SuiteRunner.run(SuiteRunner.java:326)<br> org.testng.SuiteRunnerWorker.runSuite(SuiteRunnerWorker.java:52)<br> org.testng.SuiteRunnerWorker.run(SuiteRunnerWorker.java:95)<br> org.testng.TestNG.runSuitesSequentially(TestNG.java:1249)<br> org.testng.TestNG.runSuitesLocally(TestNG.java:1169)<br> org.testng.TestNG.runSuites(TestNG.java:1092)<br> org.testng.TestNG.run(TestNG.java:1060)<br> org.apache.maven.surefire.testng.TestNGExecutor.run(TestNGExecutor.java:295)<br> org.apache.maven.surefire.testng.TestNGXmlTestSuite.execute(TestNGXmlTestSuite.java:84)<br> org.apache.maven.surefire.testng.TestNGProvider.invoke(TestNGProvider.java:90)<br> org.apache.maven.surefire.booter.ForkedBooter.invokeProviderInSameClassLoader(ForkedBooter.java:203)<br> org.apache.maven.surefire.booter.ForkedBooter.runSuitesInProcess(ForkedBooter.java:155)<br> org.apache.maven.surefire.booter.ForkedBooter.main(ForkedBooter.java:103)]</details> 

        </td>
      </tr>
      <tr class="event-row">
        <td><span class="badge log fail-bg">Fail</span></td>
        <td>11:55:27 AM</td>
        <td>
          <details><summary><b><font color=red>Exception Occured:Click to see</font></b ></summary>[java.base/jdk.internal.reflect.NativeConstructorAccessorImpl.newInstance0(Native Method)<br> java.base/jdk.internal.reflect.NativeConstructorAccessorImpl.newInstance(NativeConstructorAccessorImpl.java:77)<br> java.base/jdk.internal.reflect.DelegatingConstructorAccessorImpl.newInstance(DelegatingConstructorAccessorImpl.java:45)<br> java.base/java.lang.reflect.Constructor.newInstanceWithCaller(Constructor.java:499)<br> java.base/java.lang.reflect.Constructor.newInstance(Constructor.java:480)<br> org.openqa.selenium.remote.http.W3CHttpResponseCodec.createException(W3CHttpResponseCodec.java:187)<br> org.openqa.selenium.remote.http.W3CHttpResponseCodec.decode(W3CHttpResponseCodec.java:122)<br> org.openqa.selenium.remote.http.W3CHttpResponseCodec.decode(W3CHttpResponseCodec.java:49)<br> org.openqa.selenium.remote.HttpCommandExecutor.execute(HttpCommandExecutor.java:158)<br> org.openqa.selenium.remote.service.DriverCommandExecutor.execute(DriverCommandExecutor.java:83)<br> org.openqa.selenium.remote.RemoteWebDriver.execute(RemoteWebDriver.java:552)<br> org.openqa.selenium.remote.RemoteWebDriver.execute(RemoteWebDriver.java:609)<br> org.openqa.selenium.remote.RemoteWebDriver.getScreenshotAs(RemoteWebDriver.java:295)<br> teamListener.TakeScreenshots.CaptureScreenshot(TakeScreenshots.java:19)<br> teamListener.ExtentListeners.onTestFailure(ExtentListeners.java:59)<br> org.testng.internal.TestListenerHelper.runTestListeners(TestListenerHelper.java:99)<br> org.testng.internal.invokers.TestInvoker.runTestResultListener(TestInvoker.java:276)<br> org.testng.internal.invokers.TestInvoker.invokeMethod(TestInvoker.java:744)<br> org.testng.internal.invokers.TestInvoker.invokeTestMethod(TestInvoker.java:220)<br> org.testng.internal.invokers.MethodRunner.runInSequence(MethodRunner.java:50)<br> org.testng.internal.invokers.TestInvoker$MethodInvocationAgent.invoke(TestInvoker.java:945)<br> org.testng.internal.invokers.TestInvoker.invokeTestMethods(TestInvoker.java:193)<br> org.testng.internal.invokers.TestMethodWorker.invokeTestMethods(TestMethodWorker.java:146)<br> org.testng.internal.invokers.TestMethodWorker.run(TestMethodWorker.java:128)<br> java.base/java.util.ArrayList.forEach(ArrayList.java:1511)<br> org.testng.TestRunner.privateRun(TestRunner.java:808)<br> org.testng.TestRunner.run(TestRunner.java:603)<br> org.testng.SuiteRunner.runTest(SuiteRunner.java:429)<br> org.testng.SuiteRunner.runSequentially(SuiteRunner.java:423)<br> org.testng.SuiteRunner.privateRun(SuiteRunner.java:383)<br> org.testng.SuiteRunner.run(SuiteRunner.java:326)<br> org.testng.SuiteRunnerWorker.runSuite(SuiteRunnerWorker.java:52)<br> org.testng.SuiteRunnerWorker.run(SuiteRunnerWorker.java:95)<br> org.testng.TestNG.runSuitesSequentially(TestNG.java:1249)<br> org.testng.TestNG.runSuitesLocally(TestNG.java:1169)<br> org.testng.TestNG.runSuites(TestNG.java:1092)<br> org.testng.TestNG.run(TestNG.java:1060)<br> org.apache.maven.surefire.testng.TestNGExecutor.run(TestNGExecutor.java:295)<br> org.apache.maven.surefire.testng.TestNGXmlTestSuite.execute(TestNGXmlTestSuite.java:84)<br> org.apache.maven.surefire.testng.TestNGProvider.invoke(TestNGProvider.java:90)<br> org.apache.maven.surefire.booter.ForkedBooter.invokeProviderInSameClassLoader(ForkedBooter.java:203)<br> org.apache.maven.surefire.booter.ForkedBooter.runSuitesInProcess(ForkedBooter.java:155)<br> org.apache.maven.surefire.booter.ForkedBooter.main(ForkedBooter.java:103)]</details> 

        </td>
      </tr>
  </tbody>
</table>
</div>
          </div>
        </li>
      </ul>
    </div>
  </div>
<div class="test-content scrollable">
<div class="test-content-tools">
<ul><li><a class="back-to-test" href="#"><i class="fa fa-arrow-left"></i></a></li></ul>
</div>
<div class="test-content-detail"><div class="detail-body"></div></div>
</div></div>
<div class="container-fluid p-4 view dashboard-view">
<div class="row">
<div class="col-md-3">
<div class="card"><div class="card-body">
<p class="m-b-0">Started</p>
<h3>Jul 7, 2022 11:51:27 AM</h3>
</div></div>
</div>
<div class="col-md-3">
<div class="card"><div class="card-body">
<p class="m-b-0">Ended</p>
<h3>Jul 7, 2022 11:55:27 AM</h3>
</div></div>
</div>
<div class="col-md-3">
<div class="card"><div class="card-body">
<p class="m-b-0 text-pass">Tests Passed</p>
<h3>8</h3>
</div></div>
</div>
<div class="col-md-3">
<div class="card"><div class="card-body">
<p class="m-b-0 text-fail">Tests Failed</p>
<h3>22</h3>
</div></div>
</div>
</div>
<div class="row">
<div class="col-md-6">
<div class="card">
<div class="card-header">
<h6 class="card-title">Tests</h6>
</div>
<div class="card-body">
<div class="">
<canvas id='parent-analysis' width='115' height='90'></canvas>
</div>
</div>
<div class="card-footer">
<div><small data-tooltip='26%'>
<b>8</b> tests passed
</small>
</div>
<div>
<small data-tooltip='73%'><b>22</b> tests failed,
<b>0</b> skipped, <b data-tooltip='0%'>0</b> others
</small>
</div>
</div>
</div>
</div>
<div class="col-md-6">
<div class="card">
<div class="card-header">
<h6 class="card-title">Log events</h6>
</div>
<div class="card-body">
<div class="">
<canvas id='events-analysis' width='115' height='90'></canvas>
</div>
</div>
<div class="card-footer">
<div><small data-tooltip='10%'><b>8</b> events passed</small></div>
<div>
<small data-tooltip='89%'><b>65</b> events failed,
<b data-tooltip='%'>0</b> others
</small>
</div>
</div>
</div>
</div>
</div>
<div class="row"><div class="col-md-12">
<div class="card"><div class="card-header"><p>Timeline</p></div>
<div class="card-body pt-0"><div>
<canvas id="timeline" height="120"></canvas>
</div></div>
</div>
</div></div>
<script>
var timeline = {
"testCases.A4Pages @TestCase : checkResolutionForA4Pages":4.745,"testCases.A4Pages @TestCase : checkResolutionForA4Pages":3.978,"testCases.A4Pages @TestCase : checkResolutionForA4Pages":4.219,"testCases.A4Pages @TestCase : checkResolutionForA4Pages":4.148,"testCases.A4Pages @TestCase : checkResolutionForA4Pages":4.208,"testCases.A4Pages @TestCase : checkResolutionForA4Pages":3.823,"testCases.A4Pages @TestCase : checkResolutionForA4Pages":3.84,"testCases.A4Pages @TestCase : checkResolutionForA4Pages":3.853,"testCases.NewlyProducts @TestCase : checkResolutionForNewlyProducts":17.631,"testCases.NewlyProducts @TestCase : checkResolutionForNewlyProducts":29.85,"testCases.NewlyProducts @TestCase : checkResolutionForNewlyProducts":17.504,"testCases.NewlyProducts @TestCase : checkResolutionForNewlyProducts":17.78,"testCases.NewlyProducts @TestCase : checkResolutionForNewlyProducts":14.413,"testCases.NewlyProducts @TestCase : checkResolutionForNewlyProducts":14.922,"testCases.NewlyProducts @TestCase : checkResolutionForNewlyProducts":14.733,"testCases.NewlyProducts @TestCase : checkResolutionForNewlyProducts":15.402,"testCases.PopularPPts @TestCase : checkResolutionForpopularPPts":3.867,"testCases.PopularPPts @TestCase : checkResolutionForpopularPPts":3.595,"testCases.PopularPPts @TestCase : checkResolutionForpopularPPts":3.612,"testCases.PopularPPts @TestCase : checkResolutionForpopularPPts":3.645,"testCases.PopularPPts @TestCase : checkResolutionForpopularPPts":3.685,"testCases.PopularPPts @TestCase : checkResolutionForpopularPPts":3.586,"testCases.PopularPPts @TestCase : checkResolutionForpopularPPts":3.63,"testCases.PopularPPts @TestCase : checkResolutionForpopularPPts":3.76,"testCases.SliPages @TestCase : checkResolutionForSliPages":3.661,"testCases.SliPages @TestCase : checkResolutionForSliPages":3.656,"testCases.SliPages @TestCase : checkResolutionForSliPages":3.742,"testCases.SliPages @TestCase : checkResolutionForSliPages":3.833,"testCases.SliPages @TestCase : checkResolutionForSliPages":4.027,"testCases.SliPages @TestCase : checkResolutionForSliPages":3.908
};
</script>
<div class="row">
<div class="col-lg-6 col-md-12 sysenv-container">
<div class="card">
<div class="card-header"><p>System/Environment</p></div>
<div class="card-body pb-0 pt-0"><table class="table table-sm table-bordered">
<thead><tr class="bg-gray"><th>Name</th><th>Value</th></tr></thead>
<tbody>
<tr>
<td>Automation Tester</td>
<td>Nisha Dhiman</td>
</tr>
<tr>
<td>Organization</td>
<td>slidetech</td>
</tr>
<tr>
<td>Build no</td>
<td>W2A-1234</td>
</tr>
</tbody>
</table></div>
</div>
</div>
</div>
</div>
<script>
var statusGroup = {
parentCount: 5,
passParent: 8,
failParent: 22,
warningParent: 0,
skipParent: 0,
childCount: 5,
passChild: 0,
failChild: 0,
warningChild: 0,
skipChild: 0,
infoChild: 0,
grandChildCount: 5,
passGrandChild: 0,
failGrandChild: 0,
warningGrandChild: 0,
skipGrandChild: 0,
infoGrandChild: 0,
eventsCount: 5,
passEvents: 8,
failEvents: 65,
warningEvents: 0,
skipEvents: 0,
infoEvents: 0
};
</script>        </div>
      </div>
    </div>
  </div>
<script src="https://cdn.jsdelivr.net/gh/extent-framework/extent-github-cdn@d6562a79075e061305ccfdb82f01e5e195e2d307/spark/js/spark-script.js"></script>
<script type="text/javascript"></script></body>
</html>